<?xml version="1.0" encoding="utf-8"?><testsuites name="pytest tests"><testsuite name="pytest" errors="0" failures="0" skipped="0" tests="27" time="3.294" timestamp="2026-02-25T17:24:53.743623+00:00" hostname="agent-env-2ab1c7fa-4ca7-4b56-9694-d72590a81959"><testcase classname="backend.tests.test_tax_purchase_dashboard.TestHealthCheck" name="test_health_endpoint" time="0.005" /><testcase classname="backend.tests.test_tax_purchase_dashboard.TestCalculateOrderTaxProportionality" name="test_standard_event_1_ticket_tax" time="0.303" /><testcase classname="backend.tests.test_tax_purchase_dashboard.TestCalculateOrderTaxProportionality" name="test_standard_event_2_tickets_tax_is_double" time="0.306" /><testcase classname="backend.tests.test_tax_purchase_dashboard.TestCalculateOrderTaxProportionality" name="test_standard_event_tiered_ticket_selection" time="0.170" /><testcase classname="backend.tests.test_tax_purchase_dashboard.TestCalculateOrderTaxProportionality" name="test_grand_total_equals_sum_of_components" time="0.128" /><testcase classname="backend.tests.test_tax_purchase_dashboard.TestCalculateOrderTaxProportionality" name="test_calculate_order_event_not_found" time="0.147" /><testcase classname="backend.tests.test_tax_purchase_dashboard.TestHighPriceEventTax" name="test_high_price_1_ticket_tax" time="0.133" /><testcase classname="backend.tests.test_tax_purchase_dashboard.TestPaidRegistrationsInDB" name="test_paid_registrations_exist" time="0.253" /><testcase classname="backend.tests.test_tax_purchase_dashboard.TestPaidRegistrationsInDB" name="test_recent_paid_registrations_from_feb_2026" time="0.221" /><testcase classname="backend.tests.test_tax_purchase_dashboard.TestPaidRegistrationsInDB" name="test_registrations_count_by_status" time="0.636" /><testcase classname="backend.tests.test_tax_purchase_dashboard.TestDashboardPeriodicRefreshCodeReview" name="test_useref_for_userid_exists" time="0.000" /><testcase classname="backend.tests.test_tax_purchase_dashboard.TestDashboardPeriodicRefreshCodeReview" name="test_setinterval_30s_exists" time="0.000" /><testcase classname="backend.tests.test_tax_purchase_dashboard.TestDashboardPeriodicRefreshCodeReview" name="test_visibilitychange_listener_exists" time="0.000" /><testcase classname="backend.tests.test_tax_purchase_dashboard.TestDashboardPeriodicRefreshCodeReview" name="test_cleanup_on_unmount" time="0.000" /><testcase classname="backend.tests.test_tax_purchase_dashboard.TestDashboardPeriodicRefreshCodeReview" name="test_useref_set_in_initial_effect" time="0.000" /><testcase classname="backend.tests.test_tax_purchase_dashboard.TestDashboardPeriodicRefreshCodeReview" name="test_refresh_uses_useref_not_state" time="0.000" /><testcase classname="backend.tests.test_tax_purchase_dashboard.TestDashboardPeriodicRefreshCodeReview" name="test_live_revenue_widget_imported" time="0.000" /><testcase classname="backend.tests.test_tax_purchase_dashboard.TestLiveRevenueWidgetCodeReview" name="test_widget_accepts_events_and_registrations_props" time="0.000" /><testcase classname="backend.tests.test_tax_purchase_dashboard.TestLiveRevenueWidgetCodeReview" name="test_widget_uses_usememo_for_calculations" time="0.000" /><testcase classname="backend.tests.test_tax_purchase_dashboard.TestLiveRevenueWidgetCodeReview" name="test_widget_filters_paid_registrations" time="0.000" /><testcase classname="backend.tests.test_tax_purchase_dashboard.TestLiveRevenueWidgetCodeReview" name="test_widget_empty_state_no_red_border" time="0.000" /><testcase classname="backend.tests.test_tax_purchase_dashboard.TestLiveRevenueWidgetCodeReview" name="test_widget_has_live_state_with_data" time="0.000" /><testcase classname="backend.tests.test_tax_purchase_dashboard.TestLiveRevenueWidgetCodeReview" name="test_widget_shows_today_revenue_and_tickets" time="0.000" /><testcase classname="backend.tests.test_tax_purchase_dashboard.TestLiveRevenueWidgetCodeReview" name="test_widget_48h_recent_sales_feed" time="0.000" /><testcase classname="backend.tests.test_tax_purchase_dashboard.TestLiveRevenueWidgetCodeReview" name="test_widget_uses_timestamp_for_time_filtering" time="0.000" /><testcase classname="backend.tests.test_tax_purchase_dashboard.TestCalculateOrderWithTiers" name="test_standard_event_calculate_with_actual_tiers" time="0.457" /><testcase classname="backend.tests.test_tax_purchase_dashboard.TestCalculateOrderWithTiers" name="test_high_price_event_calculate_with_actual_tiers" time="0.308" /></testsuite></testsuites>