<?xml version="1.0" encoding="utf-8"?><testsuites name="pytest tests"><testsuite name="pytest" errors="0" failures="0" skipped="4" tests="9" time="0.087" timestamp="2026-02-23T03:56:30.594197+00:00" hostname="agent-env-a4c6a20a-aaa5-43c6-93b2-6ebd109b25ed"><testcase classname="backend.tests.test_event_update_fee_fix.TestHealthCheck" name="test_health_returns_200" time="0.004" /><testcase classname="backend.tests.test_event_update_fee_fix.TestCalculateOrder" name="test_calculate_order_endpoint_accessible" time="0.003" /><testcase classname="backend.tests.test_event_update_fee_fix.TestCalculateOrder" name="test_calculate_order_test_event_returns_fee_breakdown" time="0.002"><skipped type="pytest.skip" message="Rate limited – skipping (expected after multiple calls within 15 min)">/app/backend/tests/test_event_update_fee_fix.py:56: Rate limited – skipping (expected after multiple calls within 15 min)</skipped></testcase><testcase classname="backend.tests.test_event_update_fee_fix.TestCalculateOrder" name="test_calculate_order_returns_correct_fee_math" time="0.002"><skipped type="pytest.skip" message="Rate limited">/app/backend/tests/test_event_update_fee_fix.py:92: Rate limited</skipped></testcase><testcase classname="backend.tests.test_event_update_fee_fix.TestEventUpdateAuth" name="test_event_update_requires_auth_not_500" time="0.003" /><testcase classname="backend.tests.test_event_update_fee_fix.TestEventUpdateAuth" name="test_event_update_with_bad_token_returns_401" time="0.003" /><testcase classname="backend.tests.test_event_update_fee_fix.TestEventUpdateAuth" name="test_event_create_requires_auth" time="0.002" /><testcase classname="backend.tests.test_event_update_fee_fix.TestFeeAbsorptionBreakdown" name="test_non_existent_event_returns_404_not_500" time="0.002"><skipped type="pytest.skip" message="Rate limited">/app/backend/tests/test_event_update_fee_fix.py:178: Rate limited</skipped></testcase><testcase classname="backend.tests.test_event_update_fee_fix.TestFeeAbsorptionBreakdown" name="test_calculate_order_returns_fee_absorbed_flag" time="0.002"><skipped type="pytest.skip" message="Rate limited">/app/backend/tests/test_event_update_fee_fix.py:191: Rate limited</skipped></testcase></testsuite></testsuites>