<?xml version="1.0" encoding="utf-8"?><testsuites name="pytest tests"><testsuite name="pytest" errors="0" failures="1" skipped="0" tests="8" time="6.090" timestamp="2026-01-07T03:23:45.563815+00:00" hostname="agent-env-13ff9404-e907-4550-9b72-9356ff7af8c4"><testcase classname="tests.test_profile_persistence_v2.TestProfilePersistence" name="test_01_api_health_check" time="0.191" /><testcase classname="tests.test_profile_persistence_v2.TestProfilePersistence" name="test_02_get_profile_before_update" time="0.208"><failure message="AttributeError: 'NoneType' object has no attribute 'get'">tests/test_profile_persistence_v2.py:98: in test_02_get_profile_before_update
    settings = subscription.get('settings', {})
               ^^^^^^^^^^^^^^^^
E   AttributeError: 'NoneType' object has no attribute 'get'</failure></testcase><testcase classname="tests.test_profile_persistence_v2.TestProfilePersistence" name="test_03_update_profile_with_bio_phone" time="0.381" /><testcase classname="tests.test_profile_persistence_v2.TestProfilePersistence" name="test_04_verify_profile_persistence" time="1.111" /><testcase classname="tests.test_profile_persistence_v2.TestProfilePersistence" name="test_05_public_profile_endpoint" time="0.104" /><testcase classname="tests.test_profile_persistence_v2.TestProfilePersistence" name="test_06_update_and_verify_cycle" time="1.340" /><testcase classname="tests.test_profile_persistence_v2.TestSocialsAndExtendedSettings" name="test_01_update_socials" time="1.326" /><testcase classname="tests.test_profile_persistence_v2.TestSocialsAndExtendedSettings" name="test_02_update_logo_and_header" time="1.353" /></testsuite></testsuites>