<?xml version="1.0" encoding="utf-8"?><testsuites name="pytest tests"><testsuite name="pytest" errors="0" failures="0" skipped="0" tests="9" time="1.019" timestamp="2026-01-11T04:35:00.531703+00:00" hostname="agent-env-c0bf0e04-c1c3-46c6-b7e6-d6ebb72d3683"><testcase classname="tests.test_critical_blockers.TestBackendHealth" name="test_ping_endpoint" time="0.062" /><testcase classname="tests.test_critical_blockers.TestBackendHealth" name="test_health_endpoint" time="0.041" /><testcase classname="tests.test_critical_blockers.TestCalculateOrder" name="test_calculate_order_basic" time="0.490" /><testcase classname="tests.test_critical_blockers.TestCalculateOrder" name="test_calculate_order_with_invalid_event" time="0.159" /><testcase classname="tests.test_critical_blockers.TestFeeStructure" name="test_free_plan_fees" time="0.000" /><testcase classname="tests.test_critical_blockers.TestFeeStructure" name="test_pro_plan_fees" time="0.000" /><testcase classname="tests.test_critical_blockers.TestFeeStructure" name="test_premium_plan_fees" time="0.000" /><testcase classname="tests.test_critical_blockers.TestFeeStructure" name="test_enterprise_plan_fees" time="0.000" /><testcase classname="tests.test_critical_blockers.TestPublicEvents" name="test_get_public_events" time="0.150" /></testsuite></testsuites>