<?xml version="1.0" encoding="utf-8"?><testsuites name="pytest tests"><testsuite name="pytest" errors="0" failures="0" skipped="0" tests="11" time="1.086" timestamp="2026-01-06T02:37:22.947539+00:00" hostname="agent-env-4a8dd5d1-b387-4a4a-b0df-d0f16d77c3ef"><testcase classname="tests.test_ticket_display_flow.TestStripeVerifySession" name="test_verify_session_requires_session_id" time="0.005" /><testcase classname="tests.test_ticket_display_flow.TestStripeVerifySession" name="test_verify_session_handles_invalid_session" time="0.160" /><testcase classname="tests.test_ticket_display_flow.TestStripeVerifySession" name="test_verify_session_endpoint_exists" time="0.152" /><testcase classname="tests.test_ticket_display_flow.TestRegistrationsByEmail" name="test_registrations_requires_filter" time="0.002" /><testcase classname="tests.test_ticket_display_flow.TestRegistrationsByEmail" name="test_registrations_with_empty_email_rejected" time="0.002" /><testcase classname="tests.test_ticket_display_flow.TestRegistrationsByEmail" name="test_registrations_with_valid_email_returns_array" time="0.228" /><testcase classname="tests.test_ticket_display_flow.TestRegistrationsByEmail" name="test_registrations_with_session_id_filter" time="0.149" /><testcase classname="tests.test_ticket_display_flow.TestCalculateOrder" name="test_calculate_order_requires_event_id" time="0.183" /><testcase classname="tests.test_ticket_display_flow.TestHealthEndpoint" name="test_health_endpoint" time="0.002" /><testcase classname="tests.test_ticket_display_flow.TestCreateOrderEndpoint" name="test_create_order_requires_urls" time="0.006" /><testcase classname="tests.test_ticket_display_flow.TestCreateOrderEndpoint" name="test_create_order_validates_url_format" time="0.003" /></testsuite></testsuites>