<?xml version="1.0" encoding="utf-8"?><testsuites name="pytest tests"><testsuite name="pytest" errors="0" failures="0" skipped="0" tests="19" time="6.077" timestamp="2026-01-23T13:15:29.676755+00:00" hostname="agent-env-a3526cbb-b1e0-42ef-b1a1-9120265bb3d1"><testcase classname="backend.tests.test_security_audit.TestHealthCheck" name="test_api_health" time="2.252" /><testcase classname="backend.tests.test_security_audit.TestSecurityStripeSecretKey" name="test_admin_users_no_stripe_secret" time="0.200" /><testcase classname="backend.tests.test_security_audit.TestSecurityStripeSecretKey" name="test_profile_endpoint_no_stripe_secret" time="0.526" /><testcase classname="backend.tests.test_security_audit.TestAdminRoutesSecurity" name="test_admin_users_requires_auth" time="0.195" /><testcase classname="backend.tests.test_security_audit.TestAdminRoutesSecurity" name="test_admin_events_requires_auth" time="0.319" /><testcase classname="backend.tests.test_security_audit.TestAdminRoutesSecurity" name="test_admin_registrations_requires_auth" time="0.203" /><testcase classname="backend.tests.test_security_audit.TestAdminRoutesSecurity" name="test_admin_financials_requires_auth" time="0.209" /><testcase classname="backend.tests.test_security_audit.TestGeminiAPIKeyFlow" name="test_get_admin_gemini_key_public" time="0.560" /><testcase classname="backend.tests.test_security_audit.TestGeminiAPIKeyFlow" name="test_post_admin_gemini_key_requires_auth" time="0.212" /><testcase classname="backend.tests.test_security_audit.TestPricingTierConfigurations" name="test_free_plan_fees" time="0.000" /><testcase classname="backend.tests.test_security_audit.TestPricingTierConfigurations" name="test_pro_plan_fees" time="0.000" /><testcase classname="backend.tests.test_security_audit.TestPricingTierConfigurations" name="test_premium_plan_fees" time="0.000" /><testcase classname="backend.tests.test_security_audit.TestAffiliateSystem" name="test_affiliate_by_code_endpoint" time="0.340" /><testcase classname="backend.tests.test_security_audit.TestPublicEndpoints" name="test_public_events" time="0.497" /><testcase classname="backend.tests.test_security_audit.TestPublicEndpoints" name="test_stripe_exchange_rates" time="0.249" /><testcase classname="backend.tests.test_security_audit.TestEventFinancialsRBAC" name="test_event_financials_requires_auth" time="0.196" /><testcase classname="backend.tests.test_security_audit.TestCodeReviewSecurity" name="test_admin_controller_security_comment" time="0.000" /><testcase classname="backend.tests.test_security_audit.TestCodeReviewSecurity" name="test_profile_controller_security" time="0.000" /><testcase classname="backend.tests.test_security_audit.TestCodeReviewSecurity" name="test_admin_routes_require_admin_middleware" time="0.000" /></testsuite></testsuites>