<?xml version="1.0" encoding="utf-8"?><testsuites name="pytest tests"><testsuite name="pytest" errors="0" failures="2" skipped="0" tests="17" time="2.380" timestamp="2026-01-06T02:48:46.505206+00:00" hostname="agent-env-4a8dd5d1-b387-4a4a-b0df-d0f16d77c3ef"><testcase classname="tests.test_calculate_order.TestCalculateOrderEndpoint" name="test_calculate_order_endpoint_exists" time="0.297" /><testcase classname="tests.test_calculate_order.TestCalculateOrderEndpoint" name="test_calculate_order_with_fixed_price_event" time="0.132"><failure message="AssertionError: Expected platformFee=0 (absorb_fees=true), got 3.74&#10;assert 3.74 == 0">tests/test_calculate_order.py:56: in test_calculate_order_with_fixed_price_event
    assert breakdown["platformFee"] == 0, f"Expected platformFee=0 (absorb_fees=true), got {breakdown['platformFee']}"
E   AssertionError: Expected platformFee=0 (absorb_fees=true), got 3.74
E   assert 3.74 == 0</failure></testcase><testcase classname="tests.test_calculate_order.TestCalculateOrderEndpoint" name="test_calculate_order_with_donation_event" time="0.113" /><testcase classname="tests.test_calculate_order.TestCalculateOrderEndpoint" name="test_calculate_order_with_addon" time="0.113" /><testcase classname="tests.test_calculate_order.TestCalculateOrderEndpoint" name="test_calculate_order_breakdown_fields" time="0.148" /><testcase classname="tests.test_calculate_order.TestCalculateOrderEndpoint" name="test_calculate_order_no_tickets_selected" time="0.116" /><testcase classname="tests.test_calculate_order.TestPlatformFeeCalculation" name="test_platform_fee_free_plan" time="0.116" /><testcase classname="tests.test_calculate_order.TestPlatformFeeCalculation" name="test_platform_fee_absorbed_by_organizer" time="0.127"><failure message="AssertionError: Expected platformFee=0 when absorb_fees=true, got 3.74&#10;assert 3.74 == 0">tests/test_calculate_order.py:195: in test_platform_fee_absorbed_by_organizer
    assert breakdown["platformFee"] == 0, f"Expected platformFee=0 when absorb_fees=true, got {breakdown['platformFee']}"
E   AssertionError: Expected platformFee=0 when absorb_fees=true, got 3.74
E   assert 3.74 == 0</failure></testcase><testcase classname="tests.test_calculate_order.TestDiscountCalculation" name="test_discount_without_promo_code" time="0.171" /><testcase classname="tests.test_calculate_order.TestDiscountCalculation" name="test_discount_with_invalid_promo_code" time="0.122" /><testcase classname="tests.test_calculate_order.TestTaxCalculation" name="test_tax_calculation_no_tax_rate" time="0.114" /><testcase classname="tests.test_calculate_order.TestGrandTotalConsistency" name="test_grand_total_formula" time="0.112" /><testcase classname="tests.test_calculate_order.TestGrandTotalConsistency" name="test_subtotal_consistency" time="0.115" /><testcase classname="tests.test_calculate_order.TestCreateOrderConsistency" name="test_calculate_matches_create_order_structure" time="0.112" /><testcase classname="tests.test_calculate_order.TestEdgeCases" name="test_missing_event_id" time="0.113" /><testcase classname="tests.test_calculate_order.TestEdgeCases" name="test_negative_quantity_handled" time="0.125" /><testcase classname="tests.test_calculate_order.TestEdgeCases" name="test_zero_quantity" time="0.127" /></testsuite></testsuites>