<?xml version="1.0" encoding="utf-8"?><testsuites name="pytest tests"><testsuite name="pytest" errors="0" failures="0" skipped="0" tests="31" time="0.240" timestamp="2026-02-20T04:17:16.292345+00:00" hostname="agent-env-b6f87be4-e4d8-4dc3-a2ae-9d8909e83da5"><testcase classname="backend.tests.test_financial_platform_settings.TestHealthCheck" name="test_health" time="0.005" /><testcase classname="backend.tests.test_financial_platform_settings.TestHealthCheck" name="test_ping" time="0.003" /><testcase classname="backend.tests.test_financial_platform_settings.TestPlatformSettingsStripeEndpoints" name="test_get_stripe_no_auth_returns_401" time="0.005" /><testcase classname="backend.tests.test_financial_platform_settings.TestPlatformSettingsStripeEndpoints" name="test_get_stripe_returns_table_exists_field" time="0.004" /><testcase classname="backend.tests.test_financial_platform_settings.TestPlatformSettingsStripeEndpoints" name="test_put_stripe_no_auth_returns_401" time="0.019" /><testcase classname="backend.tests.test_financial_platform_settings.TestPlatformSettingsStripeEndpoints" name="test_put_stripe_route_exists_not_404" time="0.005" /><testcase classname="backend.tests.test_financial_platform_settings.TestPlatformSettingsStripeEndpoints" name="test_platform_settings_all_route_exists" time="0.004" /><testcase classname="backend.tests.test_financial_platform_settings.TestPlatformSettingsCodeReview" name="test_stripe_config_env_fallback_logic" time="0.002" /><testcase classname="backend.tests.test_financial_platform_settings.TestPlatformSettingsCodeReview" name="test_put_stripe_503_behavior_documented" time="0.007" /><testcase classname="backend.tests.test_financial_platform_settings.TestPlatformPayoutsPendingEndpoint" name="test_platform_payouts_pending_no_auth_returns_401" time="0.003" /><testcase classname="backend.tests.test_financial_platform_settings.TestPlatformPayoutsPendingEndpoint" name="test_platform_payouts_pending_route_exists" time="0.003" /><testcase classname="backend.tests.test_financial_platform_settings.TestPlatformPayoutsPendingEndpoint" name="test_platform_payouts_route_exists" time="0.002" /><testcase classname="backend.tests.test_financial_platform_settings.TestPlatformPayoutsPendingEndpoint" name="test_pending_response_structure_documented" time="0.002" /><testcase classname="backend.tests.test_financial_platform_settings.TestRunMigrationEndpoint" name="test_run_migration_no_auth_returns_401" time="0.004" /><testcase classname="backend.tests.test_financial_platform_settings.TestRunMigrationEndpoint" name="test_run_migration_route_exists" time="0.004" /><testcase classname="backend.tests.test_financial_platform_settings.TestRunMigrationEndpoint" name="test_unknown_migration_behavior" time="0.006" /><testcase classname="backend.tests.test_financial_platform_settings.TestFinancialTransactionTypeField" name="test_stripewebhookcontroller_no_type_field" time="0.000" /><testcase classname="backend.tests.test_financial_platform_settings.TestFinancialTransactionTypeField" name="test_stripecontroller_type_field_issue" time="0.000" /><testcase classname="backend.tests.test_financial_platform_settings.TestFinancialTransactionTypeField" name="test_registrationcontroller_no_type_field" time="0.001" /><testcase classname="backend.tests.test_financial_platform_settings.TestFinancialTransactionTypeField" name="test_platform_settings_table_check_logic" time="0.000" /><testcase classname="backend.tests.test_financial_platform_settings.TestSuperAdminFormStateVariables" name="test_state_variables_exist_in_superadmin" time="0.001" /><testcase classname="backend.tests.test_financial_platform_settings.TestSuperAdminFormStateVariables" name="test_settings_tab_calls_load_platform_settings" time="0.002" /><testcase classname="backend.tests.test_financial_platform_settings.TestSuperAdminFormStateVariables" name="test_form_inputs_use_correct_state_vars" time="0.000" /><testcase classname="backend.tests.test_financial_platform_settings.TestSuperAdminFormStateVariables" name="test_stripe_key_submission_uses_correct_vars" time="0.001" /><testcase classname="backend.tests.test_financial_platform_settings.TestBackfillMigrationLogic" name="test_backfill_migration_route_structure" time="0.000" /><testcase classname="backend.tests.test_financial_platform_settings.TestBackfillMigrationLogic" name="test_migration_returns_sql_when_column_missing" time="0.000" /><testcase classname="backend.tests.test_financial_platform_settings.TestBackfillMigrationLogic" name="test_migrate_transaction_types_case_also_exists" time="0.000" /><testcase classname="backend.tests.test_financial_platform_settings.TestPendingBalanceCalculation" name="test_pending_balance_subtracts_scheduled_payouts" time="0.000" /><testcase classname="backend.tests.test_financial_platform_settings.TestPendingBalanceCalculation" name="test_pending_response_includes_totalcollected_and_scheduled" time="0.000" /><testcase classname="backend.tests.test_financial_platform_settings.TestPendingBalanceCalculation" name="test_pending_only_counts_succeeded_transactions" time="0.000" /><testcase classname="backend.tests.test_financial_platform_settings.TestPendingBalanceCalculation" name="test_pending_no_prior_payout_includes_all_transactions" time="0.000" /></testsuite></testsuites>