<?xml version="1.0" encoding="utf-8"?><testsuites name="pytest tests"><testsuite name="pytest" errors="0" failures="3" skipped="0" tests="12" time="0.110" timestamp="2026-02-23T00:53:51.798052+00:00" hostname="agent-env-fb758b14-bb77-48f6-89be-45c7ea698ebc"><testcase classname="tests.test_stripe_redirect_fixes.TestPayoutEndpoint" name="test_payout_endpoint_exists_not_404" time="0.005"><failure message="AssertionError: Expected 401 auth required, got 429&#10;assert 429 == 401&#10; +  where 429 = &lt;Response [429]&gt;.status_code">tests/test_stripe_redirect_fixes.py:24: in test_payout_endpoint_exists_not_404
    assert response.status_code == 401, f"Expected 401 auth required, got {response.status_code}"
E   AssertionError: Expected 401 auth required, got 429
E   assert 429 == 401
E    +  where 429 = &lt;Response [429]&gt;.status_code</failure></testcase><testcase classname="tests.test_stripe_redirect_fixes.TestPayoutEndpoint" name="test_payout_endpoint_with_invalid_token" time="0.003"><failure message="AssertionError: Expected 401 with invalid token, got 429&#10;assert 429 == 401&#10; +  where 429 = &lt;Response [429]&gt;.status_code">tests/test_stripe_redirect_fixes.py:35: in test_payout_endpoint_with_invalid_token
    assert response.status_code == 401, f"Expected 401 with invalid token, got {response.status_code}"
E   AssertionError: Expected 401 with invalid token, got 429
E   assert 429 == 401
E    +  where 429 = &lt;Response [429]&gt;.status_code</failure></testcase><testcase classname="tests.test_stripe_redirect_fixes.TestPayoutEndpoint" name="test_payout_endpoint_instant_mode" time="0.002"><failure message="AssertionError: Expected 401 for instant mode too, got 429&#10;assert 429 == 401&#10; +  where 429 = &lt;Response [429]&gt;.status_code">tests/test_stripe_redirect_fixes.py:43: in test_payout_endpoint_instant_mode
    assert response.status_code == 401, f"Expected 401 for instant mode too, got {response.status_code}"
E   AssertionError: Expected 401 for instant mode too, got 429
E   assert 429 == 401
E    +  where 429 = &lt;Response [429]&gt;.status_code</failure></testcase><testcase classname="tests.test_stripe_redirect_fixes.TestVerifySessionEndpoint" name="test_verify_session_no_session_id" time="0.002" /><testcase classname="tests.test_stripe_redirect_fixes.TestVerifySessionEndpoint" name="test_verify_session_with_fake_session_id" time="0.002" /><testcase classname="tests.test_stripe_redirect_fixes.TestStripeRoutesAvailability" name="test_create_order_not_404" time="0.002" /><testcase classname="tests.test_stripe_redirect_fixes.TestStripeRoutesAvailability" name="test_calculate_order_not_404" time="0.002" /><testcase classname="tests.test_stripe_redirect_fixes.TestStripeRoutesAvailability" name="test_exchange_rates_available" time="0.002" /><testcase classname="tests.test_stripe_redirect_fixes.TestStripeRoutesAvailability" name="test_connect_status_requires_auth" time="0.006" /><testcase classname="tests.test_stripe_redirect_fixes.TestStripeRoutesAvailability" name="test_request_payout_route_registered" time="0.002" /><testcase classname="tests.test_stripe_redirect_fixes.TestBackendHealth" name="test_backend_is_running" time="0.002" /><testcase classname="tests.test_stripe_redirect_fixes.TestBackendHealth" name="test_backend_events_endpoint" time="0.002" /></testsuite></testsuites>