<?xml version="1.0" encoding="utf-8"?><testsuites name="pytest tests"><testsuite name="pytest" errors="0" failures="0" skipped="0" tests="19" time="3.130" timestamp="2026-01-09T03:49:37.334536+00:00" hostname="agent-env-09505aa3-c645-4715-a19c-568616d08436"><testcase classname="tests.test_auto_local_currency.TestExchangeRatesAPI" name="test_exchange_rates_returns_success" time="0.231" /><testcase classname="tests.test_auto_local_currency.TestExchangeRatesAPI" name="test_exchange_rates_returns_all_currencies" time="0.282" /><testcase classname="tests.test_auto_local_currency.TestExchangeRatesAPI" name="test_exchange_rates_usd_is_base" time="0.181" /><testcase classname="tests.test_auto_local_currency.TestExchangeRatesAPI" name="test_exchange_rates_has_source" time="0.190" /><testcase classname="tests.test_auto_local_currency.TestExchangeRatesAPI" name="test_exchange_rates_has_timestamp" time="0.174" /><testcase classname="tests.test_auto_local_currency.TestConvertPriceAPI" name="test_convert_price_usd_to_eur" time="0.143" /><testcase classname="tests.test_auto_local_currency.TestConvertPriceAPI" name="test_convert_price_usd_to_cad" time="0.136" /><testcase classname="tests.test_auto_local_currency.TestConvertPriceAPI" name="test_convert_price_same_currency" time="0.039" /><testcase classname="tests.test_auto_local_currency.TestConvertPriceAPI" name="test_convert_price_unsupported_currency" time="0.039" /><testcase classname="tests.test_auto_local_currency.TestConvertPriceAPI" name="test_convert_price_invalid_amount" time="0.032" /><testcase classname="tests.test_auto_local_currency.TestCreateOrderWithCurrency" name="test_create_order_accepts_attendee_currency" time="0.444" /><testcase classname="tests.test_auto_local_currency.TestCreateOrderWithCurrency" name="test_create_order_validates_urls" time="0.036" /><testcase classname="tests.test_auto_local_currency.TestSupportedCurrencies" name="test_five_currencies_supported" time="0.091" /><testcase classname="tests.test_auto_local_currency.TestSupportedCurrencies" name="test_supported_currencies_list" time="0.200" /><testcase classname="tests.test_auto_local_currency.TestCurrencyConversionRates" name="test_eur_rate_reasonable" time="0.086" /><testcase classname="tests.test_auto_local_currency.TestCurrencyConversionRates" name="test_gbp_rate_reasonable" time="0.193" /><testcase classname="tests.test_auto_local_currency.TestCurrencyConversionRates" name="test_cad_rate_reasonable" time="0.177" /><testcase classname="tests.test_auto_local_currency.TestCurrencyConversionRates" name="test_aud_rate_reasonable" time="0.166" /><testcase classname="tests.test_auto_local_currency.TestCalculateOrderAPI" name="test_calculate_order_endpoint_exists" time="0.158" /></testsuite></testsuites>