<?xml version="1.0" encoding="utf-8"?><testsuites name="pytest tests"><testsuite name="pytest" errors="0" failures="0" skipped="0" tests="18" time="2.579" timestamp="2026-01-27T03:58:45.480792+00:00" hostname="agent-env-a673ac01-e0e7-4e70-963c-8e71519bb477"><testcase classname="backend.tests.test_presale_system.TestPresaleValidation" name="test_validate_presale_nonexistent_event" time="0.317" /><testcase classname="backend.tests.test_presale_system.TestPresaleValidation" name="test_validate_presale_no_presale_enabled" time="0.349" /><testcase classname="backend.tests.test_presale_system.TestPresaleValidation" name="test_validate_presale_with_invalid_code" time="0.321" /><testcase classname="backend.tests.test_presale_system.TestPresaleValidation" name="test_validate_presale_with_invalid_token" time="0.321" /><testcase classname="backend.tests.test_presale_system.TestPresaleCodesUnauthorized" name="test_get_codes_unauthorized" time="0.003" /><testcase classname="backend.tests.test_presale_system.TestPresaleCodesUnauthorized" name="test_create_codes_unauthorized" time="0.002" /><testcase classname="backend.tests.test_presale_system.TestPresaleCodesUnauthorized" name="test_generate_codes_unauthorized" time="0.002" /><testcase classname="backend.tests.test_presale_system.TestPresaleCodesUnauthorized" name="test_delete_code_unauthorized" time="0.002" /><testcase classname="backend.tests.test_presale_system.TestPresaleCodeValidation" name="test_create_codes_empty_array" time="0.002" /><testcase classname="backend.tests.test_presale_system.TestPresaleCodeValidation" name="test_generate_codes_invalid_count" time="0.002" /><testcase classname="backend.tests.test_presale_system.TestPresaleEndpointStructure" name="test_validate_endpoint_exists" time="0.214" /><testcase classname="backend.tests.test_presale_system.TestPresaleEndpointStructure" name="test_codes_endpoint_exists" time="0.002" /><testcase classname="backend.tests.test_presale_system.TestPresaleEndpointStructure" name="test_generate_endpoint_exists" time="0.002" /><testcase classname="backend.tests.test_presale_system.TestPresaleEndpointStructure" name="test_delete_endpoint_exists" time="0.002" /><testcase classname="backend.tests.test_presale_system.TestPresaleEndpointStructure" name="test_use_code_endpoint_exists" time="0.227" /><testcase classname="backend.tests.test_presale_system.TestPresaleValidationLogic" name="test_validate_response_structure" time="0.317" /><testcase classname="backend.tests.test_presale_system.TestPresaleValidationLogic" name="test_validate_with_code_and_token" time="0.317" /><testcase classname="backend.tests.test_presale_system.TestPresaleIntegration" name="test_events_include_presale_config" time="0.116" /></testsuite></testsuites>