<?xml version="1.0" encoding="utf-8"?><testsuites name="pytest tests"><testsuite name="pytest" errors="0" failures="3" skipped="0" tests="9" time="0.989" timestamp="2026-01-11T05:22:48.699063+00:00" hostname="agent-env-c0bf0e04-c1c3-46c6-b7e6-d6ebb72d3683"><testcase classname="tests.test_e2e_comprehensive.TestBackendHealth" name="test_ping_endpoint" time="0.067" /><testcase classname="tests.test_e2e_comprehensive.TestBackendHealth" name="test_health_endpoint" time="0.044" /><testcase classname="tests.test_e2e_comprehensive.TestPublicEndpoints" name="test_events_public_endpoint" time="0.400" /><testcase classname="tests.test_e2e_comprehensive.TestPublicEndpoints" name="test_events_endpoint" time="0.042"><failure message="assert 401 == 200&#10; +  where 401 = &lt;Response [401]&gt;.status_code">tests/test_e2e_comprehensive.py:47: in test_events_endpoint
    assert response.status_code == 200
E   assert 401 == 200
E    +  where 401 = &lt;Response [401]&gt;.status_code</failure></testcase><testcase classname="tests.test_e2e_comprehensive.TestEnterpriseEndpoint" name="test_enterprise_contact_requires_auth" time="0.038" /><testcase classname="tests.test_e2e_comprehensive.TestEnterpriseEndpoint" name="test_enterprise_contact_invalid_token" time="0.035" /><testcase classname="tests.test_e2e_comprehensive.TestAdminEndpoint" name="test_admin_migration_requires_auth" time="0.037"><failure message="assert 520 in [401, 403]&#10; +  where 520 = &lt;Response [520]&gt;.status_code">tests/test_e2e_comprehensive.py:96: in test_admin_migration_requires_auth
    assert response.status_code in [401, 403]
E   assert 520 in [401, 403]
E    +  where 520 = &lt;Response [520]&gt;.status_code</failure></testcase><testcase classname="tests.test_e2e_comprehensive.TestStripeEndpoints" name="test_calculate_order_endpoint" time="0.209"><failure message="assert 404 == 200&#10; +  where 404 = &lt;Response [404]&gt;.status_code">tests/test_e2e_comprehensive.py:113: in test_calculate_order_endpoint
    assert response.status_code == 200
E   assert 404 == 200
E    +  where 404 = &lt;Response [404]&gt;.status_code</failure></testcase><testcase classname="tests.test_e2e_comprehensive.TestNonprofitEndpoints" name="test_nonprofit_status_requires_auth" time="0.035" /></testsuite></testsuites>