<?xml version="1.0" encoding="utf-8"?><testsuites name="pytest tests"><testsuite name="pytest" errors="0" failures="0" skipped="0" tests="15" time="6.518" timestamp="2026-02-17T00:04:25.688741+00:00" hostname="agent-env-4efe1590-751c-483b-8f3d-7854b2079114"><testcase classname="backend.tests.test_subscription_bypass.TestSubscriptionBypassAttempts" name="test_bypass_1_create_event_without_auth" time="0.396" /><testcase classname="backend.tests.test_subscription_bypass.TestSubscriptionBypassAttempts" name="test_bypass_1b_calculate_order_without_auth" time="1.089" /><testcase classname="backend.tests.test_subscription_bypass.TestSubscriptionBypassAttempts" name="test_bypass_2_backend_enforces_ticket_limits" time="0.324" /><testcase classname="backend.tests.test_subscription_bypass.TestSubscriptionBypassAttempts" name="test_bypass_3_inject_premium_plan_in_request" time="0.320" /><testcase classname="backend.tests.test_subscription_bypass.TestSubscriptionBypassAttempts" name="test_bypass_3b_inject_plan_in_calculate_order" time="0.481" /><testcase classname="backend.tests.test_subscription_bypass.TestSubscriptionBypassAttempts" name="test_bypass_4_verify_backend_validates_not_frontend" time="0.890" /><testcase classname="backend.tests.test_subscription_bypass.TestSubscriptionBypassAttempts" name="test_bypass_5_check_expired_subscription_handling" time="0.474" /><testcase classname="backend.tests.test_subscription_bypass.TestSubscriptionBypassAttempts" name="test_fee_calculation_correctness" time="0.483" /><testcase classname="backend.tests.test_subscription_bypass.TestWebhookSecurity" name="test_webhook_without_signature" time="0.200" /><testcase classname="backend.tests.test_subscription_bypass.TestWebhookSecurity" name="test_webhook_with_invalid_signature" time="0.194" /><testcase classname="backend.tests.test_subscription_bypass.TestPlanLimitEnforcement" name="test_public_events_accessible" time="0.468" /><testcase classname="backend.tests.test_subscription_bypass.TestPlanLimitEnforcement" name="test_health_endpoint" time="0.331" /><testcase classname="backend.tests.test_subscription_bypass.TestPlanLimitEnforcement" name="test_exchange_rates_public" time="0.352" /><testcase classname="backend.tests.test_subscription_bypass.TestPlatformDonationEnforcement" name="test_free_plan_requires_donation_option" time="0.448" /><testcase classname="backend.tests.test_subscription_bypass.TestSecurityAuditSummary" name="test_generate_audit_report" time="0.000" /></testsuite></testsuites>