<?xml version="1.0" encoding="utf-8"?><testsuites name="pytest tests"><testsuite name="pytest" errors="0" failures="0" skipped="0" tests="23" time="2.147" timestamp="2026-01-09T18:14:01.391469+00:00" hostname="agent-env-09505aa3-c645-4715-a19c-568616d08436"><testcase classname="tests.test_onboarding_nonprofit.TestOnboardingEndpointsNoAuth" name="test_save_onboarding_no_auth" time="0.072" /><testcase classname="tests.test_onboarding_nonprofit.TestOnboardingEndpointsNoAuth" name="test_get_onboarding_me_no_auth" time="0.040" /><testcase classname="tests.test_onboarding_nonprofit.TestOnboardingEndpointsNoAuth" name="test_nonprofit_apply_no_auth" time="0.040" /><testcase classname="tests.test_onboarding_nonprofit.TestOnboardingEndpointsNoAuth" name="test_nonprofit_status_no_auth" time="0.043" /><testcase classname="tests.test_onboarding_nonprofit.TestOnboardingEndpointsNoAuth" name="test_nonprofit_resubmit_no_auth" time="0.035" /><testcase classname="tests.test_onboarding_nonprofit.TestAdminEndpointsNoAuth" name="test_admin_all_onboarding_no_auth" time="0.038" /><testcase classname="tests.test_onboarding_nonprofit.TestAdminEndpointsNoAuth" name="test_admin_nonprofit_pending_no_auth" time="0.036" /><testcase classname="tests.test_onboarding_nonprofit.TestAdminEndpointsNoAuth" name="test_admin_nonprofit_all_no_auth" time="0.035" /><testcase classname="tests.test_onboarding_nonprofit.TestAdminEndpointsNoAuth" name="test_admin_nonprofit_approve_no_auth" time="0.042" /><testcase classname="tests.test_onboarding_nonprofit.TestAdminEndpointsNoAuth" name="test_admin_nonprofit_reject_no_auth" time="0.034" /><testcase classname="tests.test_onboarding_nonprofit.TestUploadEndpointsNoAuth" name="test_upload_document_no_auth" time="0.034" /><testcase classname="tests.test_onboarding_nonprofit.TestUploadEndpointsNoAuth" name="test_delete_document_no_auth" time="0.039" /><testcase classname="tests.test_onboarding_nonprofit.TestUploadEndpointsNoAuth" name="test_get_signed_url_no_auth" time="0.032" /><testcase classname="tests.test_onboarding_nonprofit.TestMagicLinkVerification" name="test_verify_magic_link_missing_params" time="0.055" /><testcase classname="tests.test_onboarding_nonprofit.TestMagicLinkVerification" name="test_verify_magic_link_invalid_token" time="0.699" /><testcase classname="tests.test_onboarding_nonprofit.TestEndpointValidation" name="test_save_onboarding_missing_responses" time="0.034" /><testcase classname="tests.test_onboarding_nonprofit.TestEndpointValidation" name="test_nonprofit_apply_missing_required_fields" time="0.072" /><testcase classname="tests.test_onboarding_nonprofit.TestEndpointValidation" name="test_admin_approve_missing_required_fields" time="0.035" /><testcase classname="tests.test_onboarding_nonprofit.TestEndpointValidation" name="test_admin_reject_missing_required_fields" time="0.034" /><testcase classname="tests.test_onboarding_nonprofit.TestRouteExistence" name="test_all_onboarding_routes_exist" time="0.384" /><testcase classname="tests.test_onboarding_nonprofit.TestRouteExistence" name="test_all_upload_routes_exist" time="0.111" /><testcase classname="tests.test_onboarding_nonprofit.TestWithInvalidToken" name="test_onboarding_save_invalid_token" time="0.035" /><testcase classname="tests.test_onboarding_nonprofit.TestWithInvalidToken" name="test_admin_endpoint_invalid_token" time="0.036" /></testsuite></testsuites>