<?xml version="1.0" encoding="utf-8"?><testsuites name="pytest tests"><testsuite name="pytest" errors="0" failures="0" skipped="0" tests="16" time="1.099" timestamp="2026-01-04T16:52:29.280746+00:00" hostname="agent-env-d571ca6b-7b05-4d4d-ad67-a6aa804423ed"><testcase classname="tests.test_affiliate_atdoor.TestAffiliateTrackClick" name="test_track_click_unknown_affiliate_code" time="0.450" /><testcase classname="tests.test_affiliate_atdoor.TestAffiliateTrackClick" name="test_track_click_missing_affiliate_code" time="0.002" /><testcase classname="tests.test_affiliate_atdoor.TestAffiliateTrackClick" name="test_track_click_with_optional_fields" time="0.111" /><testcase classname="tests.test_affiliate_atdoor.TestAffiliateTrackClick" name="test_track_click_endpoint_accepts_post" time="0.123" /><testcase classname="tests.test_affiliate_atdoor.TestAffiliateTrackClick" name="test_track_click_no_auth_required" time="0.111" /><testcase classname="tests.test_affiliate_atdoor.TestAffiliateAnalytics" name="test_analytics_requires_auth" time="0.002" /><testcase classname="tests.test_affiliate_atdoor.TestAffiliateAnalytics" name="test_analytics_rejects_invalid_token" time="0.002" /><testcase classname="tests.test_affiliate_atdoor.TestAffiliateAnalytics" name="test_analytics_endpoint_exists" time="0.002" /><testcase classname="tests.test_affiliate_atdoor.TestRecordAtDoorPayment" name="test_record_payment_requires_auth" time="0.002" /><testcase classname="tests.test_affiliate_atdoor.TestRecordAtDoorPayment" name="test_record_payment_rejects_invalid_token" time="0.002" /><testcase classname="tests.test_affiliate_atdoor.TestRecordAtDoorPayment" name="test_record_payment_endpoint_exists" time="0.002" /><testcase classname="tests.test_affiliate_atdoor.TestRecordAtDoorPayment" name="test_record_payment_accepts_different_methods" time="0.005" /><testcase classname="tests.test_affiliate_atdoor.TestAffiliateDetail" name="test_affiliate_detail_requires_auth" time="0.002" /><testcase classname="tests.test_affiliate_atdoor.TestExistingEndpoints" name="test_ping_endpoint" time="0.002" /><testcase classname="tests.test_affiliate_atdoor.TestExistingEndpoints" name="test_health_endpoint" time="0.001" /><testcase classname="tests.test_affiliate_atdoor.TestExistingEndpoints" name="test_public_events_endpoint" time="0.144" /></testsuite></testsuites>