<?xml version="1.0" encoding="utf-8"?><testsuites name="pytest tests"><testsuite name="pytest" errors="0" failures="0" skipped="0" tests="8" time="2.826" timestamp="2026-01-05T20:26:38.865022+00:00" hostname="agent-env-4a8dd5d1-b387-4a4a-b0df-d0f16d77c3ef"><testcase classname="tests.test_platform_donation.TestPlatformDonationBackend" name="test_health_check" time="0.005" /><testcase classname="tests.test_platform_donation.TestPlatformDonationBackend" name="test_public_events_endpoint" time="0.425" /><testcase classname="tests.test_platform_donation.TestPlatformDonationBackend" name="test_event_has_hide_platform_donation_field" time="0.195" /><testcase classname="tests.test_platform_donation.TestPlatformDonationBackend" name="test_create_order_accepts_platform_donation" time="1.305" /><testcase classname="tests.test_platform_donation.TestPlatformDonationBackend" name="test_calculate_order_endpoint" time="0.342" /><testcase classname="tests.test_platform_donation.TestOrganizerProfileSubscription" name="test_get_organizer_profile_with_subscription" time="0.124" /><testcase classname="tests.test_platform_donation.TestOrganizerProfileSubscription" name="test_free_plan_organizer_detected" time="0.131" /><testcase classname="tests.test_platform_donation.TestEventHidePlatformDonationField" name="test_event_schema_supports_hide_platform_donation" time="0.161" /></testsuite></testsuites>