<?xml version="1.0" encoding="utf-8"?><testsuites name="pytest tests"><testsuite name="pytest" errors="0" failures="1" skipped="0" tests="11" time="2.296" timestamp="2026-01-22T17:03:34.038929+00:00" hostname="agent-env-a3526cbb-b1e0-42ef-b1a1-9120265bb3d1"><testcase classname="tests.test_currency_conversion.TestVerifySessionEndpoint" name="test_verify_session_endpoint_exists" time="0.565"><failure message="AssertionError: Unexpected status: 500&#10;assert 500 in [200, 400, 404]&#10; +  where 500 = &lt;Response [500]&gt;.status_code">tests/test_currency_conversion.py:27: in test_verify_session_endpoint_exists
    assert response.status_code in [200, 400, 404], f"Unexpected status: {response.status_code}"
E   AssertionError: Unexpected status: 500
E   assert 500 in [200, 400, 404]
E    +  where 500 = &lt;Response [500]&gt;.status_code</failure></testcase><testcase classname="tests.test_currency_conversion.TestVerifySessionEndpoint" name="test_verify_session_requires_session_id" time="0.208" /><testcase classname="tests.test_currency_conversion.TestVerifySessionEndpoint" name="test_verify_session_invalid_session_returns_error" time="0.362" /><testcase classname="tests.test_currency_conversion.TestCurrencyConversionMath" name="test_conversion_ratio_calculation" time="0.000" /><testcase classname="tests.test_currency_conversion.TestCurrencyConversionMath" name="test_conversion_with_multiple_line_items" time="0.000" /><testcase classname="tests.test_currency_conversion.TestCurrencyConversionMath" name="test_conversion_with_discount" time="0.000" /><testcase classname="tests.test_currency_conversion.TestCurrencyConversionMath" name="test_same_currency_no_conversion" time="0.000" /><testcase classname="tests.test_currency_conversion.TestCurrencyConversionMath" name="test_zero_total_edge_case" time="0.000" /><testcase classname="tests.test_currency_conversion.TestExchangeRatesEndpoint" name="test_exchange_rates_endpoint" time="0.295" /><testcase classname="tests.test_currency_conversion.TestExchangeRatesEndpoint" name="test_convert_price_endpoint" time="0.246" /><testcase classname="tests.test_currency_conversion.TestCalculateOrderEndpoint" name="test_calculate_order_endpoint_exists" time="0.397" /></testsuite></testsuites>