<?xml version="1.0" encoding="utf-8"?><testsuites name="pytest tests"><testsuite name="pytest" errors="0" failures="0" skipped="0" tests="10" time="2.660" timestamp="2026-02-22T18:30:00.908287+00:00" hostname="agent-env-7d2ced6a-fc9a-4c3e-84c5-072697a3902e"><testcase classname="backend.tests.test_currency_fixes.TestHealthCheck" name="test_ping" time="0.004" /><testcase classname="backend.tests.test_currency_fixes.TestHealthCheck" name="test_health" time="0.002" /><testcase classname="backend.tests.test_currency_fixes.TestVerifySessionEarlyReturn" name="test_verify_session_not_csrf_blocked" time="0.544" /><testcase classname="backend.tests.test_currency_fixes.TestVerifySessionEarlyReturn" name="test_verify_session_already_paid_returns_success" time="0.494" /><testcase classname="backend.tests.test_currency_fixes.TestVerifySessionEarlyReturn" name="test_verify_session_already_paid_has_registration" time="0.431" /><testcase classname="backend.tests.test_currency_fixes.TestVerifySessionEarlyReturn" name="test_verify_session_already_paid_has_charged_currency" time="0.458" /><testcase classname="backend.tests.test_currency_fixes.TestVerifySessionEarlyReturn" name="test_verify_session_already_paid_charged_amount_positive" time="0.463" /><testcase classname="backend.tests.test_currency_fixes.TestCSRFExclusions" name="test_create_order_not_csrf_blocked" time="0.143" /><testcase classname="backend.tests.test_currency_fixes.TestWebhookEndpoint" name="test_webhook_no_signature_correct_error" time="0.004" /><testcase classname="backend.tests.test_currency_fixes.TestWebhookEndpoint" name="test_stripe_webhook_alias_no_signature" time="0.002" /></testsuite></testsuites>