<?xml version="1.0" encoding="utf-8"?><testsuites name="pytest tests"><testsuite name="pytest" errors="0" failures="0" skipped="0" tests="5" time="0.076" timestamp="2026-01-26T20:45:33.526531+00:00" hostname="agent-env-a673ac01-e0e7-4e70-963c-8e71519bb477"><testcase classname="backend.tests.test_live_sales_share.TestLiveSalesEndpoint" name="test_live_sales_requires_auth" time="0.005" /><testcase classname="backend.tests.test_live_sales_share.TestLiveSalesEndpoint" name="test_live_sales_endpoint_exists" time="0.003" /><testcase classname="backend.tests.test_live_sales_share.TestHealthEndpoint" name="test_health_endpoint" time="0.002" /><testcase classname="backend.tests.test_live_sales_share.TestAdminEndpoints" name="test_organizer_financial_summary_requires_auth" time="0.002" /><testcase classname="backend.tests.test_live_sales_share.TestAdminEndpoints" name="test_organizer_audit_logs_requires_auth" time="0.002" /></testsuite></testsuites>