<?xml version="1.0" encoding="utf-8"?><testsuites name="pytest tests"><testsuite name="pytest" errors="0" failures="0" skipped="0" tests="5" time="1.156" timestamp="2026-01-11T05:15:41.683679+00:00" hostname="agent-env-c0bf0e04-c1c3-46c6-b7e6-d6ebb72d3683"><testcase classname="tests.test_pricing_enterprise_eventbuilder.TestPricingPage" name="test_api_health" time="0.070" /><testcase classname="tests.test_pricing_enterprise_eventbuilder.TestPricingPage" name="test_calculate_order_endpoint_exists" time="0.914" /><testcase classname="tests.test_pricing_enterprise_eventbuilder.TestEnterpriseEndpoint" name="test_enterprise_contact_requires_auth" time="0.037" /><testcase classname="tests.test_pricing_enterprise_eventbuilder.TestEnterpriseEndpoint" name="test_enterprise_contact_validation" time="0.040" /><testcase classname="tests.test_pricing_enterprise_eventbuilder.TestAdminMigrationEndpoint" name="test_admin_migration_requires_auth" time="0.041" /></testsuite></testsuites>