<?xml version="1.0" encoding="utf-8"?><testsuites name="pytest tests"><testsuite name="pytest" errors="0" failures="0" skipped="0" tests="25" time="6.429" timestamp="2026-02-20T07:42:36.426347+00:00" hostname="agent-env-77969934-4bb7-4303-864b-b8b6428f0e14"><testcase classname="backend.tests.test_production_readiness_v2.TestHealthAndBasics" name="test_health_endpoint" time="0.713" /><testcase classname="backend.tests.test_production_readiness_v2.TestHealthAndBasics" name="test_csrf_token_endpoint" time="0.203" /><testcase classname="backend.tests.test_production_readiness_v2.TestAuthEndpoints" name="test_protected_endpoint_without_auth_returns_401" time="0.207" /><testcase classname="backend.tests.test_production_readiness_v2.TestAuthEndpoints" name="test_platform_settings_stripe_requires_auth" time="0.206" /><testcase classname="backend.tests.test_production_readiness_v2.TestAuthEndpoints" name="test_run_migration_requires_auth" time="0.218" /><testcase classname="backend.tests.test_production_readiness_v2.TestPlatformSettingsRoutes" name="test_stripe_settings_route_exists" time="0.359" /><testcase classname="backend.tests.test_production_readiness_v2.TestPlatformSettingsRoutes" name="test_put_stripe_settings_route_exists" time="0.206" /><testcase classname="backend.tests.test_production_readiness_v2.TestPlatformSettingsRoutes" name="test_all_settings_route_exists" time="0.209" /><testcase classname="backend.tests.test_production_readiness_v2.TestMigrationEndpoints" name="test_migration_backfill_endpoint_exists" time="0.206" /><testcase classname="backend.tests.test_production_readiness_v2.TestMigrationEndpoints" name="test_migration_with_invalid_body" time="0.203" /><testcase classname="backend.tests.test_production_readiness_v2.TestFinancialEndpoints" name="test_financials_endpoint_exists" time="0.206" /><testcase classname="backend.tests.test_production_readiness_v2.TestFinancialEndpoints" name="test_platform_payouts_pending_exists" time="0.204" /><testcase classname="backend.tests.test_production_readiness_v2.TestFinancialEndpoints" name="test_platform_payouts_list_exists" time="0.204" /><testcase classname="backend.tests.test_production_readiness_v2.TestFinancialEndpoints" name="test_platform_payout_schedule_exists" time="0.203" /><testcase classname="backend.tests.test_production_readiness_v2.TestCSRFProtection" name="test_csrf_protected_post_without_token_returns_403" time="0.413" /><testcase classname="backend.tests.test_production_readiness_v2.TestCSRFProtection" name="test_csrf_protected_post_with_token_checks_auth" time="0.204" /><testcase classname="backend.tests.test_production_readiness_v2.TestCSRFProtection" name="test_csrf_token_is_present_in_requests" time="0.000" /><testcase classname="backend.tests.test_production_readiness_v2.TestPublicEndpoints" name="test_affiliate_by_code_public" time="0.546" /><testcase classname="backend.tests.test_production_readiness_v2.TestPublicEndpoints" name="test_affiliate_click_tracking_public" time="0.340" /><testcase classname="backend.tests.test_production_readiness_v2.TestStripeRelatedEndpoints" name="test_subscription_prices_endpoint" time="0.207" /><testcase classname="backend.tests.test_production_readiness_v2.TestAdminRoutes" name="test_admin_users_list" time="0.204" /><testcase classname="backend.tests.test_production_readiness_v2.TestAdminRoutes" name="test_admin_events_list" time="0.203" /><testcase classname="backend.tests.test_production_readiness_v2.TestAdminRoutes" name="test_admin_registrations_list" time="0.208" /><testcase classname="backend.tests.test_production_readiness_v2.TestAffiliateEndpoints" name="test_affiliate_analytics_requires_admin" time="0.207" /><testcase classname="backend.tests.test_production_readiness_v2.TestAffiliateEndpoints" name="test_affiliate_list_requires_admin" time="0.207" /></testsuite></testsuites>