<?xml version="1.0" encoding="utf-8"?><testsuites name="pytest tests"><testsuite name="pytest" errors="0" failures="3" skipped="0" tests="18" time="0.734" timestamp="2026-01-22T17:24:19.264779+00:00" hostname="agent-env-a3526cbb-b1e0-42ef-b1a1-9120265bb3d1"><testcase classname="tests.test_iteration44_features.TestEmailTemplateThemes" name="test_email_templates_file_exists" time="0.004" /><testcase classname="tests.test_iteration44_features.TestEmailTemplateThemes" name="test_modern_theme_uses_muted_colors" time="0.003" /><testcase classname="tests.test_iteration44_features.TestEmailTemplateThemes" name="test_classic_theme_uses_muted_colors" time="0.003" /><testcase classname="tests.test_iteration44_features.TestEmailTemplateThemes" name="test_all_themes_have_muted_color" time="0.004" /><testcase classname="tests.test_iteration44_features.TestRegistrationCurrencyMetadata" name="test_stripe_controller_stores_currency_metadata" time="0.003"><failure message="AssertionError: Should be stored in answers._metadata&#10;assert ('_metadata' in '660:                        charged_currency: chargedCurrency,\n' or 'answers' in '660:                        charged_currency: chargedCurrency,\n')&#10; +  where '660:                        charged_currency: chargedCurrency,\n' = CompletedProcess(args=['grep', '-n', 'charged_currency', '/app/backend/controllers/stripeController.js'], returncode=0, stdout='660:                        charged_currency: chargedCurrency,\n', stderr='').stdout&#10; +  and   '660:                        charged_currency: chargedCurrency,\n' = CompletedProcess(args=['grep', '-n', 'charged_currency', '/app/backend/controllers/stripeController.js'], returncode=0, stdout='660:                        charged_currency: chargedCurrency,\n', stderr='').stdout">tests/test_iteration44_features.py:88: in test_stripe_controller_stores_currency_metadata
    assert '_metadata' in result.stdout or 'answers' in result.stdout, "Should be stored in answers._metadata"
E   AssertionError: Should be stored in answers._metadata
E   assert ('_metadata' in '660:                        charged_currency: chargedCurrency,\n' or 'answers' in '660:                        charged_currency: chargedCurrency,\n')
E    +  where '660:                        charged_currency: chargedCurrency,\n' = CompletedProcess(args=['grep', '-n', 'charged_currency', '/app/backend/controllers/stripeController.js'], returncode=0, stdout='660:                        charged_currency: chargedCurrency,\n', stderr='').stdout
E    +  and   '660:                        charged_currency: chargedCurrency,\n' = CompletedProcess(args=['grep', '-n', 'charged_currency', '/app/backend/controllers/stripeController.js'], returncode=0, stdout='660:                        charged_currency: chargedCurrency,\n', stderr='').stdout</failure></testcase><testcase classname="tests.test_iteration44_features.TestRegistrationCurrencyMetadata" name="test_stripe_controller_stores_amount_metadata" time="0.004" /><testcase classname="tests.test_iteration44_features.TestRegistrationCurrencyMetadata" name="test_storage_service_normalizes_currency_data" time="0.006" /><testcase classname="tests.test_iteration44_features.TestMyTicketsDateParsing" name="test_date_parsing_safeguards_exist" time="0.006" /><testcase classname="tests.test_iteration44_features.TestMyTicketsDateParsing" name="test_date_parsing_handles_iso_format" time="0.003" /><testcase classname="tests.test_iteration44_features.TestMyTicketsDateParsing" name="test_future_events_default_to_active" time="0.003" /><testcase classname="tests.test_iteration44_features.TestTwoOptionSignupFlow" name="test_auth_component_has_step_0" time="0.003" /><testcase classname="tests.test_iteration44_features.TestTwoOptionSignupFlow" name="test_find_events_button_exists" time="0.003" /><testcase classname="tests.test_iteration44_features.TestTwoOptionSignupFlow" name="test_host_events_button_exists" time="0.003" /><testcase classname="tests.test_iteration44_features.TestTwoOptionSignupFlow" name="test_role_selection_sets_attendee" time="0.003"><failure message="AssertionError: Find Events should set role to attendee&#10;assert &quot;setRole('attendee')&quot; in '                                        &lt;/div&gt;\n                                        &lt;div&gt;\n                                            &lt;h3 className=&quot;font-bold text-gray-900 dark:text-white group-hover:text-primary transition-colors&quot;&gt;I want to find events&lt;/h3&gt;\n                                            &lt;p className=&quot;text-sm text-gray-500 dark:text-zinc-400&quot;&gt;Book tickets and manage your schedule.&lt;/p&gt;\n                                        &lt;/div&gt;\n'&#10; +  where '                                        &lt;/div&gt;\n                                        &lt;div&gt;\n                                            &lt;h3 className=&quot;font-bold text-gray-900 dark:text-white group-hover:text-primary transition-colors&quot;&gt;I want to find events&lt;/h3&gt;\n                                            &lt;p className=&quot;text-sm text-gray-500 dark:text-zinc-400&quot;&gt;Book tickets and manage your schedule.&lt;/p&gt;\n                                        &lt;/div&gt;\n' = CompletedProcess(args=['grep', '-B2', '-A2', 'I want to find events', '/app/components/Auth.tsx'], returncode=0, stdout='                                        &lt;/div&gt;\n                                        &lt;div&gt;\n                                            &lt;h3 className=&quot;font-bold text-gray-900 dark:text-white group-hover:text-primary transition-colors&quot;&gt;I want to find events&lt;/h3&gt;\n                                            &lt;p className=&quot;text-sm text-gray-500 dark:text-zinc-400&quot;&gt;Book tickets and manage your schedule.&lt;/p&gt;\n                                        &lt;/div&gt;\n', stderr='').stdout">tests/test_iteration44_features.py:214: in test_role_selection_sets_attendee
    assert "setRole('attendee')" in result.stdout, "Find Events should set role to attendee"
E   AssertionError: Find Events should set role to attendee
E   assert "setRole('attendee')" in '                                        &lt;/div&gt;\n                                        &lt;div&gt;\n                                            &lt;h3 className="font-bold text-gray-900 dark:text-white group-hover:text-primary transition-colors"&gt;I want to find events&lt;/h3&gt;\n                                            &lt;p className="text-sm text-gray-500 dark:text-zinc-400"&gt;Book tickets and manage your schedule.&lt;/p&gt;\n                                        &lt;/div&gt;\n'
E    +  where '                                        &lt;/div&gt;\n                                        &lt;div&gt;\n                                            &lt;h3 className="font-bold text-gray-900 dark:text-white group-hover:text-primary transition-colors"&gt;I want to find events&lt;/h3&gt;\n                                            &lt;p className="text-sm text-gray-500 dark:text-zinc-400"&gt;Book tickets and manage your schedule.&lt;/p&gt;\n                                        &lt;/div&gt;\n' = CompletedProcess(args=['grep', '-B2', '-A2', 'I want to find events', '/app/components/Auth.tsx'], returncode=0, stdout='                                        &lt;/div&gt;\n                                        &lt;div&gt;\n                                            &lt;h3 className="font-bold text-gray-900 dark:text-white group-hover:text-primary transition-colors"&gt;I want to find events&lt;/h3&gt;\n                                            &lt;p className="text-sm text-gray-500 dark:text-zinc-400"&gt;Book tickets and manage your schedule.&lt;/p&gt;\n                                        &lt;/div&gt;\n', stderr='').stdout</failure></testcase><testcase classname="tests.test_iteration44_features.TestTwoOptionSignupFlow" name="test_role_selection_sets_organizer" time="0.003"><failure message="AssertionError: Host Events should set role to organizer&#10;assert &quot;setRole('organizer')&quot; in '                                        &lt;/div&gt;\n                                        &lt;div&gt;\n                                            &lt;h3 className=&quot;font-bold text-gray-900 dark:text-white group-hover:text-secondary transition-colors&quot;&gt;I want to host events&lt;/h3&gt;\n                                            &lt;p className=&quot;text-sm text-gray-500 dark:text-zinc-400&quot;&gt;Create events, sell tickets, and manage attendees.&lt;/p&gt;\n                                        &lt;/div&gt;\n'&#10; +  where '                                        &lt;/div&gt;\n                                        &lt;div&gt;\n                                            &lt;h3 className=&quot;font-bold text-gray-900 dark:text-white group-hover:text-secondary transition-colors&quot;&gt;I want to host events&lt;/h3&gt;\n                                            &lt;p className=&quot;text-sm text-gray-500 dark:text-zinc-400&quot;&gt;Create events, sell tickets, and manage attendees.&lt;/p&gt;\n                                        &lt;/div&gt;\n' = CompletedProcess(args=['grep', '-B2', '-A2', 'I want to host events', '/app/components/Auth.tsx'], returncode=0, stdout='                                        &lt;/div&gt;\n                                        &lt;div&gt;\n                                            &lt;h3 className=&quot;font-bold text-gray-900 dark:text-white group-hover:text-secondary transition-colors&quot;&gt;I want to host events&lt;/h3&gt;\n                                            &lt;p className=&quot;text-sm text-gray-500 dark:text-zinc-400&quot;&gt;Create events, sell tickets, and manage attendees.&lt;/p&gt;\n                                        &lt;/div&gt;\n', stderr='').stdout">tests/test_iteration44_features.py:225: in test_role_selection_sets_organizer
    assert "setRole('organizer')" in result.stdout, "Host Events should set role to organizer"
E   AssertionError: Host Events should set role to organizer
E   assert "setRole('organizer')" in '                                        &lt;/div&gt;\n                                        &lt;div&gt;\n                                            &lt;h3 className="font-bold text-gray-900 dark:text-white group-hover:text-secondary transition-colors"&gt;I want to host events&lt;/h3&gt;\n                                            &lt;p className="text-sm text-gray-500 dark:text-zinc-400"&gt;Create events, sell tickets, and manage attendees.&lt;/p&gt;\n                                        &lt;/div&gt;\n'
E    +  where '                                        &lt;/div&gt;\n                                        &lt;div&gt;\n                                            &lt;h3 className="font-bold text-gray-900 dark:text-white group-hover:text-secondary transition-colors"&gt;I want to host events&lt;/h3&gt;\n                                            &lt;p className="text-sm text-gray-500 dark:text-zinc-400"&gt;Create events, sell tickets, and manage attendees.&lt;/p&gt;\n                                        &lt;/div&gt;\n' = CompletedProcess(args=['grep', '-B2', '-A2', 'I want to host events', '/app/components/Auth.tsx'], returncode=0, stdout='                                        &lt;/div&gt;\n                                        &lt;div&gt;\n                                            &lt;h3 className="font-bold text-gray-900 dark:text-white group-hover:text-secondary transition-colors"&gt;I want to host events&lt;/h3&gt;\n                                            &lt;p className="text-sm text-gray-500 dark:text-zinc-400"&gt;Create events, sell tickets, and manage attendees.&lt;/p&gt;\n                                        &lt;/div&gt;\n', stderr='').stdout</failure></testcase><testcase classname="tests.test_iteration44_features.TestBackendHealthAndEndpoints" name="test_backend_health" time="0.004" /><testcase classname="tests.test_iteration44_features.TestBackendHealthAndEndpoints" name="test_exchange_rates_endpoint" time="0.252" /><testcase classname="tests.test_iteration44_features.TestBackendHealthAndEndpoints" name="test_public_events_endpoint" time="0.315" /></testsuite></testsuites>