<?xml version="1.0" encoding="utf-8"?><testsuites name="pytest tests"><testsuite name="pytest" errors="0" failures="0" skipped="0" tests="9" time="0.753" timestamp="2026-01-11T05:23:37.512256+00:00" hostname="agent-env-c0bf0e04-c1c3-46c6-b7e6-d6ebb72d3683"><testcase classname="tests.test_e2e_comprehensive.TestBackendHealth" name="test_ping_endpoint" time="0.069" /><testcase classname="tests.test_e2e_comprehensive.TestBackendHealth" name="test_health_endpoint" time="0.036" /><testcase classname="tests.test_e2e_comprehensive.TestPublicEndpoints" name="test_events_public_endpoint" time="0.234" /><testcase classname="tests.test_e2e_comprehensive.TestPublicEndpoints" name="test_events_endpoint_requires_auth" time="0.038" /><testcase classname="tests.test_e2e_comprehensive.TestEnterpriseEndpoint" name="test_enterprise_contact_requires_auth" time="0.036" /><testcase classname="tests.test_e2e_comprehensive.TestEnterpriseEndpoint" name="test_enterprise_contact_invalid_token" time="0.047" /><testcase classname="tests.test_e2e_comprehensive.TestAdminEndpoint" name="test_admin_migration_requires_auth" time="0.035" /><testcase classname="tests.test_e2e_comprehensive.TestStripeEndpoints" name="test_calculate_order_requires_event" time="0.159" /><testcase classname="tests.test_e2e_comprehensive.TestNonprofitEndpoints" name="test_nonprofit_status_requires_auth" time="0.041" /></testsuite></testsuites>