<?xml version="1.0" encoding="utf-8"?><testsuites name="pytest tests"><testsuite name="pytest" errors="0" failures="6" skipped="0" tests="24" time="4.448" timestamp="2026-01-09T04:25:05.821722+00:00" hostname="agent-env-09505aa3-c645-4715-a19c-568616d08436"><testcase classname="tests.test_stripe_elements_affiliate_subscription.TestStripeAtDoorPaymentIntent" name="test_create_payment_intent_endpoint_exists" time="0.134" /><testcase classname="tests.test_stripe_elements_affiliate_subscription.TestStripeAtDoorPaymentIntent" name="test_create_payment_intent_requires_registration_id" time="0.037" /><testcase classname="tests.test_stripe_elements_affiliate_subscription.TestStripeAtDoorPaymentIntent" name="test_create_payment_intent_requires_amount" time="0.040" /><testcase classname="tests.test_stripe_elements_affiliate_subscription.TestStripeAtDoorPaymentIntent" name="test_create_payment_intent_minimum_amount" time="0.034" /><testcase classname="tests.test_stripe_elements_affiliate_subscription.TestStripeAtDoorPaymentIntent" name="test_create_payment_intent_invalid_registration" time="0.966" /><testcase classname="tests.test_stripe_elements_affiliate_subscription.TestStripeAtDoorConfirmPayment" name="test_confirm_payment_endpoint_exists" time="0.035" /><testcase classname="tests.test_stripe_elements_affiliate_subscription.TestStripeAtDoorConfirmPayment" name="test_confirm_payment_requires_payment_intent_id" time="0.052" /><testcase classname="tests.test_stripe_elements_affiliate_subscription.TestStripeAtDoorConfirmPayment" name="test_confirm_payment_requires_registration_id" time="0.038" /><testcase classname="tests.test_stripe_elements_affiliate_subscription.TestStripeAtDoorConfirmPayment" name="test_confirm_payment_invalid_payment_intent" time="0.322"><failure message="assert 520 in [400, 500]&#10; +  where 520 = &lt;Response [520]&gt;.status_code">tests/test_stripe_elements_affiliate_subscription.py:155: in test_confirm_payment_invalid_payment_intent
    assert response.status_code in [400, 500]
E   assert 520 in [400, 500]
E    +  where 520 = &lt;Response [520]&gt;.status_code</failure></testcase><testcase classname="tests.test_stripe_elements_affiliate_subscription.TestSubscriptionAffiliateCheckout" name="test_subscription_checkout_endpoint_exists" time="0.034" /><testcase classname="tests.test_stripe_elements_affiliate_subscription.TestSubscriptionAffiliateCheckout" name="test_subscription_checkout_accepts_affiliate_code" time="0.346" /><testcase classname="tests.test_stripe_elements_affiliate_subscription.TestSubscriptionAffiliateCheckout" name="test_subscription_checkout_pro_plan_with_affiliate" time="0.421"><failure message="assert 520 == 200&#10; +  where 520 = &lt;Response [520]&gt;.status_code">tests/test_stripe_elements_affiliate_subscription.py:210: in test_subscription_checkout_pro_plan_with_affiliate
    assert response.status_code == 200
E   assert 520 == 200
E    +  where 520 = &lt;Response [520]&gt;.status_code</failure></testcase><testcase classname="tests.test_stripe_elements_affiliate_subscription.TestSubscriptionAffiliateCheckout" name="test_subscription_checkout_premium_plan_with_affiliate" time="0.309"><failure message="assert 520 == 200&#10; +  where 520 = &lt;Response [520]&gt;.status_code">tests/test_stripe_elements_affiliate_subscription.py:227: in test_subscription_checkout_premium_plan_with_affiliate
    assert response.status_code == 200
E   assert 520 == 200
E    +  where 520 = &lt;Response [520]&gt;.status_code</failure></testcase><testcase classname="tests.test_stripe_elements_affiliate_subscription.TestSubscriptionVerify" name="test_subscription_verify_endpoint_exists" time="0.036" /><testcase classname="tests.test_stripe_elements_affiliate_subscription.TestSubscriptionVerify" name="test_subscription_verify_requires_session_id" time="0.031" /><testcase classname="tests.test_stripe_elements_affiliate_subscription.TestSubscriptionVerify" name="test_subscription_verify_invalid_session" time="0.192"><failure message="assert 520 in [400, 500]&#10; +  where 520 = &lt;Response [520]&gt;.status_code">tests/test_stripe_elements_affiliate_subscription.py:269: in test_subscription_verify_invalid_session
    assert response.status_code in [400, 500]
E   assert 520 in [400, 500]
E    +  where 520 = &lt;Response [520]&gt;.status_code</failure></testcase><testcase classname="tests.test_stripe_elements_affiliate_subscription.TestSubscriptionStatus" name="test_subscription_status_endpoint_exists" time="0.156"><failure message="assert 520 in [200, 404, 500]&#10; +  where 520 = &lt;Response [520]&gt;.status_code">tests/test_stripe_elements_affiliate_subscription.py:284: in test_subscription_status_endpoint_exists
    assert response.status_code in [200, 404, 500]
E   assert 520 in [200, 404, 500]
E    +  where 520 = &lt;Response [520]&gt;.status_code</failure></testcase><testcase classname="tests.test_stripe_elements_affiliate_subscription.TestSubscriptionStatus" name="test_subscription_status_returns_plan_info" time="0.143" /><testcase classname="tests.test_stripe_elements_affiliate_subscription.TestTicketSalesNoAffiliateCommission" name="test_verify_session_no_affiliate_commission" time="0.033" /><testcase classname="tests.test_stripe_elements_affiliate_subscription.TestTicketSalesNoAffiliateCommission" name="test_calculate_order_no_affiliate_field" time="0.148" /><testcase classname="tests.test_stripe_elements_affiliate_subscription.TestAtDoorPaymentFlow" name="test_at_door_endpoints_are_public" time="0.288" /><testcase classname="tests.test_stripe_elements_affiliate_subscription.TestAffiliateCommissionLogic" name="test_subscription_commission_rate_is_15_percent" time="0.306"><failure message="assert 520 == 200&#10; +  where 520 = &lt;Response [520]&gt;.status_code">tests/test_stripe_elements_affiliate_subscription.py:384: in test_subscription_commission_rate_is_15_percent
    assert response.status_code == 200
E   assert 520 == 200
E    +  where 520 = &lt;Response [520]&gt;.status_code</failure></testcase><testcase classname="tests.test_stripe_elements_affiliate_subscription.TestRouteConfiguration" name="test_at_door_routes_exist" time="0.043" /><testcase classname="tests.test_stripe_elements_affiliate_subscription.TestRouteConfiguration" name="test_subscription_routes_exist" time="0.162" /></testsuite></testsuites>