<?xml version="1.0" encoding="utf-8"?><testsuites name="pytest tests"><testsuite name="pytest" errors="0" failures="1" skipped="0" tests="24" time="1.046" timestamp="2026-01-18T02:57:09.729735+00:00" hostname="agent-env-d50d660e-ad2c-4146-b07b-5f4892f2eeb2"><testcase classname="tests.test_refund_attendee_features.TestHealthAndBasicEndpoints" name="test_api_health" time="0.067" /><testcase classname="tests.test_refund_attendee_features.TestHealthAndBasicEndpoints" name="test_frontend_loads" time="0.061" /><testcase classname="tests.test_refund_attendee_features.TestRefundAPIValidation" name="test_refund_requires_auth" time="0.053" /><testcase classname="tests.test_refund_attendee_features.TestRefundAPIValidation" name="test_refund_registration_not_found" time="0.038" /><testcase classname="tests.test_refund_attendee_features.TestRegistrationEndpoints" name="test_get_registrations_requires_filter" time="0.035" /><testcase classname="tests.test_refund_attendee_features.TestRegistrationEndpoints" name="test_get_registrations_with_empty_filter" time="0.035" /><testcase classname="tests.test_refund_attendee_features.TestRegistrationEndpoints" name="test_get_registrations_with_valid_email" time="0.480" /><testcase classname="tests.test_refund_attendee_features.TestEventEndpoints" name="test_get_public_events" time="0.032"><failure message="AssertionError: Expected 200, got 401&#10;assert 401 == 200&#10; +  where 401 = &lt;Response [401]&gt;.status_code">tests/test_refund_attendee_features.py:101: in test_get_public_events
    assert response.status_code == 200, f"Expected 200, got {response.status_code}"
E   AssertionError: Expected 200, got 401
E   assert 401 == 200
E    +  where 401 = &lt;Response [401]&gt;.status_code</failure></testcase><testcase classname="tests.test_refund_attendee_features.TestEventEndpoints" name="test_get_event_by_id" time="0.040" /><testcase classname="tests.test_refund_attendee_features.TestPaymentUtilsLogic" name="test_payment_status_constants_exist" time="0.000" /><testcase classname="tests.test_refund_attendee_features.TestPaymentUtilsLogic" name="test_types_include_refunding_status" time="0.000" /><testcase classname="tests.test_refund_attendee_features.TestEventRefundsComponent" name="test_event_refunds_uses_ticket_name" time="0.000" /><testcase classname="tests.test_refund_attendee_features.TestEventRefundsComponent" name="test_event_refunds_shows_refunding_badge" time="0.000" /><testcase classname="tests.test_refund_attendee_features.TestEventRefundsComponent" name="test_event_refunds_calculates_refund_amount" time="0.000" /><testcase classname="tests.test_refund_attendee_features.TestAttendeeManagerComponent" name="test_attendee_manager_imports_refunding_status" time="0.000" /><testcase classname="tests.test_refund_attendee_features.TestAttendeeManagerComponent" name="test_attendee_manager_handles_refunding_status" time="0.000" /><testcase classname="tests.test_refund_attendee_features.TestAttendeeManagerComponent" name="test_attendee_manager_bulk_delete_prevents_paid" time="0.001" /><testcase classname="tests.test_refund_attendee_features.TestAttendeeManagerComponent" name="test_attendee_manager_bulk_refund_navigates" time="0.000" /><testcase classname="tests.test_refund_attendee_features.TestBackendRefundController" name="test_refund_controller_validates_payment_status" time="0.000" /><testcase classname="tests.test_refund_attendee_features.TestBackendRefundController" name="test_refund_controller_sets_refunding_status" time="0.000" /><testcase classname="tests.test_refund_attendee_features.TestBackendRefundController" name="test_refund_controller_resets_on_failure" time="0.000" /><testcase classname="tests.test_refund_attendee_features.TestBackendRefundController" name="test_refund_controller_stripe_first_logic" time="0.000" /><testcase classname="tests.test_refund_attendee_features.TestDataTestIds" name="test_event_refunds_has_testids" time="0.000" /><testcase classname="tests.test_refund_attendee_features.TestDataTestIds" name="test_attendee_manager_has_testids" time="0.000" /></testsuite></testsuites>