<?xml version="1.0" encoding="utf-8"?><testsuites name="pytest tests"><testsuite name="pytest" errors="0" failures="2" skipped="0" tests="15" time="6.466" timestamp="2026-02-17T00:02:50.109822+00:00" hostname="agent-env-4efe1590-751c-483b-8f3d-7854b2079114"><testcase classname="backend.tests.test_subscription_bypass.TestSubscriptionBypassAttempts" name="test_bypass_1_create_event_without_auth" time="0.418" /><testcase classname="backend.tests.test_subscription_bypass.TestSubscriptionBypassAttempts" name="test_bypass_1b_calculate_order_without_auth" time="0.747" /><testcase classname="backend.tests.test_subscription_bypass.TestSubscriptionBypassAttempts" name="test_bypass_2_backend_enforces_ticket_limits" time="0.350" /><testcase classname="backend.tests.test_subscription_bypass.TestSubscriptionBypassAttempts" name="test_bypass_3_inject_premium_plan_in_request" time="0.333" /><testcase classname="backend.tests.test_subscription_bypass.TestSubscriptionBypassAttempts" name="test_bypass_3b_inject_plan_in_calculate_order" time="0.486" /><testcase classname="backend.tests.test_subscription_bypass.TestSubscriptionBypassAttempts" name="test_bypass_4_verify_backend_validates_not_frontend" time="0.886" /><testcase classname="backend.tests.test_subscription_bypass.TestSubscriptionBypassAttempts" name="test_bypass_5_check_expired_subscription_handling" time="0.479" /><testcase classname="backend.tests.test_subscription_bypass.TestSubscriptionBypassAttempts" name="test_fee_calculation_correctness" time="0.463" /><testcase classname="backend.tests.test_subscription_bypass.TestWebhookSecurity" name="test_webhook_without_signature" time="0.193"><failure message="AssertionError: VULNERABILITY: Webhook accepted without signature! Status: 404&#10;assert 404 in [400, 401, 403, 500]&#10; +  where 404 = &lt;Response [404]&gt;.status_code">backend/tests/test_subscription_bypass.py:336: in test_webhook_without_signature
    assert response.status_code in [400, 401, 403, 500], \
E   AssertionError: VULNERABILITY: Webhook accepted without signature! Status: 404
E   assert 404 in [400, 401, 403, 500]
E    +  where 404 = &lt;Response [404]&gt;.status_code</failure></testcase><testcase classname="backend.tests.test_subscription_bypass.TestWebhookSecurity" name="test_webhook_with_invalid_signature" time="0.200"><failure message="AssertionError: VULNERABILITY: Webhook accepted with fake signature!&#10;assert 404 in [400, 401, 403, 500]&#10; +  where 404 = &lt;Response [404]&gt;.status_code">backend/tests/test_subscription_bypass.py:352: in test_webhook_with_invalid_signature
    assert response.status_code in [400, 401, 403, 500], \
E   AssertionError: VULNERABILITY: Webhook accepted with fake signature!
E   assert 404 in [400, 401, 403, 500]
E    +  where 404 = &lt;Response [404]&gt;.status_code</failure></testcase><testcase classname="backend.tests.test_subscription_bypass.TestPlanLimitEnforcement" name="test_public_events_accessible" time="0.488" /><testcase classname="backend.tests.test_subscription_bypass.TestPlanLimitEnforcement" name="test_health_endpoint" time="0.341" /><testcase classname="backend.tests.test_subscription_bypass.TestPlanLimitEnforcement" name="test_exchange_rates_public" time="0.355" /><testcase classname="backend.tests.test_subscription_bypass.TestPlatformDonationEnforcement" name="test_free_plan_requires_donation_option" time="0.640" /><testcase classname="backend.tests.test_subscription_bypass.TestSecurityAuditSummary" name="test_generate_audit_report" time="0.000" /></testsuite></testsuites>