<?xml version="1.0" encoding="utf-8"?><testsuites name="pytest tests"><testsuite name="pytest" errors="0" failures="1" skipped="2" tests="20" time="0.956" timestamp="2026-02-23T03:20:00.623931+00:00" hostname="agent-env-fb758b14-bb77-48f6-89be-45c7ea698ebc"><testcase classname="tests.test_fee_transparency.TestCalculateOrderStripeFee" name="test_calculate_order_returns_strip_fee_field" time="0.124" /><testcase classname="tests.test_fee_transparency.TestCalculateOrderStripeFee" name="test_calculate_order_strip_fee_positive_for_paid_event" time="0.128" /><testcase classname="tests.test_fee_transparency.TestCalculateOrderStripeFee" name="test_stripe_fee_calculation_formula" time="0.109" /><testcase classname="tests.test_fee_transparency.TestCalculateOrderStripeFee" name="test_grand_total_includes_stripe_fee" time="0.108" /><testcase classname="tests.test_fee_transparency.TestFeeMathValidation" name="test_fee_math_concrete_scenario" time="0.000" /><testcase classname="tests.test_fee_transparency.TestFeeMathValidation" name="test_stripe_fee_rate_constants" time="0.000" /><testcase classname="tests.test_fee_transparency.TestCalculateOrderAllFields" name="test_all_fee_fields_present" time="0.150" /><testcase classname="tests.test_fee_transparency.TestCalculateOrderAllFields" name="test_stripe_fee_zero_for_free_events" time="0.129" /><testcase classname="tests.test_fee_transparency.TestCalculateOrderAllFields" name="test_stripe_fee_absorbed_events" time="0.110"><skipped type="pytest.skip" message="No fee-absorbing event found to test">/app/tests/test_fee_transparency.py:254: No fee-absorbing event found to test</skipped></testcase><testcase classname="tests.test_fee_transparency.TestReconciliationValidation" name="test_reconciliation_code_exists_in_controller" time="0.000" /><testcase classname="tests.test_fee_transparency.TestReconciliationValidation" name="test_registration_payload_has_new_fee_fields" time="0.000" /><testcase classname="tests.test_fee_transparency.TestReconciliationValidation" name="test_price_calculator_has_stripe_fee" time="0.000" /><testcase classname="tests.test_fee_transparency.TestFeeTransparencyUITerminology" name="test_eventview_uses_platform_fee_label" time="0.001" /><testcase classname="tests.test_fee_transparency.TestFeeTransparencyUITerminology" name="test_receipt_modal_uses_correct_labels" time="0.000" /><testcase classname="tests.test_fee_transparency.TestFeeTransparencyUITerminology" name="test_confirmation_page_has_fee_rows" time="0.001" /><testcase classname="tests.test_fee_transparency.TestFeeTransparencyUITerminology" name="test_receipt_modal_has_stripe_fee_logic" time="0.000" /><testcase classname="tests.test_fee_transparency.TestMigrationSQL" name="test_migration_file_exists" time="0.000" /><testcase classname="tests.test_fee_transparency.TestMigrationSQL" name="test_migration_adds_required_columns" time="0.000" /><testcase classname="tests.test_fee_transparency.TestCalculateOrderEndpointLive" name="test_endpoint_accessible" time="0.003"><failure message="AssertionError: Unexpected response: 429&#10;assert 429 in [400, 404, 500]&#10; +  where 429 = &lt;Response [429]&gt;.status_code">tests/test_fee_transparency.py:448: in test_endpoint_accessible
    assert response.status_code in [400, 404, 500], \
E   AssertionError: Unexpected response: 429
E   assert 429 in [400, 404, 500]
E    +  where 429 = &lt;Response [429]&gt;.status_code</failure></testcase><testcase classname="tests.test_fee_transparency.TestCalculateOrderEndpointLive" name="test_paid_event_stripefee_positive" time="0.007"><skipped type="pytest.skip" message="No paid event available in this environment">/app/tests/test_fee_transparency.py:457: No paid event available in this environment</skipped></testcase></testsuite></testsuites>