<?xml version="1.0" encoding="utf-8"?><testsuites name="pytest tests"><testsuite name="pytest" errors="0" failures="0" skipped="0" tests="17" time="2.014" timestamp="2026-01-26T21:02:12.509535+00:00" hostname="agent-env-a673ac01-e0e7-4e70-963c-8e71519bb477"><testcase classname="backend.tests.test_push_notification_integration.TestPushNotificationEndpoints" name="test_vapid_key_endpoint" time="0.300" /><testcase classname="backend.tests.test_push_notification_integration.TestPushNotificationEndpoints" name="test_push_subscribe_requires_auth" time="0.212" /><testcase classname="backend.tests.test_push_notification_integration.TestPushNotificationEndpoints" name="test_push_status_requires_auth" time="0.205" /><testcase classname="backend.tests.test_push_notification_integration.TestPushNotificationEndpoints" name="test_push_test_requires_auth" time="0.212" /><testcase classname="backend.tests.test_push_notification_integration.TestNotificationEndpoints" name="test_notifications_get_requires_auth" time="0.223" /><testcase classname="backend.tests.test_push_notification_integration.TestNotificationEndpoints" name="test_notifications_create_requires_auth" time="0.196" /><testcase classname="backend.tests.test_push_notification_integration.TestNotificationEndpoints" name="test_notifications_broadcast_requires_auth" time="0.195" /><testcase classname="backend.tests.test_push_notification_integration.TestStripeWebhookCodeReview" name="test_checkout_completed_notification_code_structure" time="0.001" /><testcase classname="backend.tests.test_push_notification_integration.TestStripeWebhookCodeReview" name="test_payment_intent_succeeded_notification_code_structure" time="0.000" /><testcase classname="backend.tests.test_push_notification_integration.TestStripeWebhookCodeReview" name="test_notification_payload_contains_required_fields" time="0.000" /><testcase classname="backend.tests.test_push_notification_integration.TestPushServiceCodeReview" name="test_push_service_has_send_notification" time="0.000" /><testcase classname="backend.tests.test_push_notification_integration.TestPushServiceCodeReview" name="test_push_service_handles_missing_subscription" time="0.000" /><testcase classname="backend.tests.test_push_notification_integration.TestPushServiceCodeReview" name="test_push_service_has_vapid_configuration" time="0.000" /><testcase classname="backend.tests.test_push_notification_integration.TestNotificationSettingsComponent" name="test_notification_settings_has_correct_types" time="0.000" /><testcase classname="backend.tests.test_push_notification_integration.TestNotificationSettingsComponent" name="test_notification_settings_has_enable_disable_toggle" time="0.000" /><testcase classname="backend.tests.test_push_notification_integration.TestWebhookIntegration" name="test_webhook_endpoint_exists" time="0.196" /><testcase classname="backend.tests.test_push_notification_integration.TestWebhookIntegration" name="test_health_endpoint" time="0.195" /></testsuite></testsuites>