<?xml version="1.0" encoding="utf-8"?><testsuites name="pytest tests"><testsuite name="pytest" errors="0" failures="1" skipped="0" tests="31" time="10.558" timestamp="2026-02-16T22:42:18.714178+00:00" hostname="agent-env-227a9bd8-9e03-43c4-bfe5-e1af5dedaab3"><testcase classname="backend.tests.test_functional_flows.TestHealthAndPublicEndpoints" name="test_health_check" time="1.709" /><testcase classname="backend.tests.test_functional_flows.TestHealthAndPublicEndpoints" name="test_public_events_endpoint" time="0.824" /><testcase classname="backend.tests.test_functional_flows.TestHealthAndPublicEndpoints" name="test_exchange_rates_endpoint" time="0.257" /><testcase classname="backend.tests.test_functional_flows.TestEventEndpoints" name="test_get_event_by_id_invalid" time="0.441" /><testcase classname="backend.tests.test_functional_flows.TestEventEndpoints" name="test_create_event_requires_auth" time="0.242" /><testcase classname="backend.tests.test_functional_flows.TestEventEndpoints" name="test_update_event_requires_auth" time="0.206" /><testcase classname="backend.tests.test_functional_flows.TestEventEndpoints" name="test_delete_event_requires_auth" time="0.204" /><testcase classname="backend.tests.test_functional_flows.TestEventEndpoints" name="test_get_organizer_events_requires_auth" time="0.208" /><testcase classname="backend.tests.test_functional_flows.TestPresaleEndpoints" name="test_presale_validate_nonexistent_event" time="0.380" /><testcase classname="backend.tests.test_functional_flows.TestPresaleEndpoints" name="test_presale_subscribe_invalid_email" time="0.209" /><testcase classname="backend.tests.test_functional_flows.TestPresaleEndpoints" name="test_presale_codes_requires_auth" time="0.225" /><testcase classname="backend.tests.test_functional_flows.TestPresaleEndpoints" name="test_presale_subscribers_requires_auth" time="0.198" /><testcase classname="backend.tests.test_functional_flows.TestStripeEndpoints" name="test_calculate_order_missing_event" time="0.640" /><testcase classname="backend.tests.test_functional_flows.TestStripeEndpoints" name="test_create_order_missing_event" time="0.360" /><testcase classname="backend.tests.test_functional_flows.TestStripeEndpoints" name="test_verify_session_missing_id" time="0.220" /><testcase classname="backend.tests.test_functional_flows.TestStripeEndpoints" name="test_create_portal_session_requires_auth" time="0.205" /><testcase classname="backend.tests.test_functional_flows.TestStripeEndpoints" name="test_convert_price_endpoint" time="0.218" /><testcase classname="backend.tests.test_functional_flows.TestRegistrationEndpoints" name="test_get_registrations_requires_auth" time="0.210"><failure message="assert 403 == 401&#10; +  where 403 = &lt;Response [403]&gt;.status_code">backend/tests/test_functional_flows.py:187: in test_get_registrations_requires_auth
    assert response.status_code == 401
E   assert 403 == 401
E    +  where 403 = &lt;Response [403]&gt;.status_code</failure></testcase><testcase classname="backend.tests.test_functional_flows.TestWaitlistEndpoints" name="test_join_waitlist_invalid_event" time="0.199" /><testcase classname="backend.tests.test_functional_flows.TestAnalyticsEndpoints" name="test_track_page_view" time="0.421" /><testcase classname="backend.tests.test_functional_flows.TestStripeConnectEndpoints" name="test_create_connect_account_requires_auth" time="0.199" /><testcase classname="backend.tests.test_functional_flows.TestStripeConnectEndpoints" name="test_connect_status_requires_auth" time="0.204" /><testcase classname="backend.tests.test_functional_flows.TestAtDoorPaymentEndpoints" name="test_at_door_payment_intent_requires_auth" time="0.472" /><testcase classname="backend.tests.test_functional_flows.TestAtDoorPaymentEndpoints" name="test_record_at_door_payment_requires_auth" time="0.199" /><testcase classname="backend.tests.test_functional_flows.TestPushNotificationEndpoints" name="test_push_subscribe_requires_event" time="0.198" /><testcase classname="backend.tests.test_functional_flows.TestAdminEndpoints" name="test_admin_users_requires_auth" time="0.215" /><testcase classname="backend.tests.test_functional_flows.TestAdminEndpoints" name="test_admin_events_requires_auth" time="0.205" /><testcase classname="backend.tests.test_functional_flows.TestInputValidation" name="test_create_order_invalid_urls" time="0.209" /><testcase classname="backend.tests.test_functional_flows.TestInputValidation" name="test_presale_subscribe_missing_fields" time="0.195" /><testcase classname="backend.tests.test_functional_flows.TestAPIResponseFormat" name="test_error_response_format" time="0.357" /><testcase classname="backend.tests.test_functional_flows.TestAPIResponseFormat" name="test_success_response_format" time="0.377" /></testsuite></testsuites>