<?xml version="1.0" encoding="utf-8"?><testsuites name="pytest tests"><testsuite name="pytest" errors="0" failures="0" skipped="7" tests="8" time="0.356" timestamp="2026-01-07T03:23:23.650608+00:00" hostname="agent-env-13ff9404-e907-4550-9b72-9356ff7af8c4"><testcase classname="tests.test_profile_persistence_v2.TestProfilePersistence" name="test_01_api_health_check" time="0.216" /><testcase classname="tests.test_profile_persistence_v2.TestProfilePersistence" name="test_02_get_profile_before_update" time="0.051"><skipped type="pytest.skip" message="Authentication failed: 400">/app/tests/test_profile_persistence_v2.py:70: Authentication failed: 400</skipped></testcase><testcase classname="tests.test_profile_persistence_v2.TestProfilePersistence" name="test_03_update_profile_with_bio_phone" time="0.000"><skipped type="pytest.skip" message="Authentication failed: 400">/app/tests/test_profile_persistence_v2.py:105: Authentication failed: 400</skipped></testcase><testcase classname="tests.test_profile_persistence_v2.TestProfilePersistence" name="test_04_verify_profile_persistence" time="0.000"><skipped type="pytest.skip" message="Authentication failed: 400">/app/tests/test_profile_persistence_v2.py:157: Authentication failed: 400</skipped></testcase><testcase classname="tests.test_profile_persistence_v2.TestProfilePersistence" name="test_05_public_profile_endpoint" time="0.000"><skipped type="pytest.skip" message="Authentication failed: 400">/app/tests/test_profile_persistence_v2.py:209: Authentication failed: 400</skipped></testcase><testcase classname="tests.test_profile_persistence_v2.TestProfilePersistence" name="test_06_update_and_verify_cycle" time="0.000"><skipped type="pytest.skip" message="Authentication failed: 400">/app/tests/test_profile_persistence_v2.py:246: Authentication failed: 400</skipped></testcase><testcase classname="tests.test_profile_persistence_v2.TestSocialsAndExtendedSettings" name="test_01_update_socials" time="0.033"><skipped type="pytest.skip" message="Authentication failed: 400">/app/tests/test_profile_persistence_v2.py:327: Authentication failed: 400</skipped></testcase><testcase classname="tests.test_profile_persistence_v2.TestSocialsAndExtendedSettings" name="test_02_update_logo_and_header" time="0.000"><skipped type="pytest.skip" message="Authentication failed: 400">/app/tests/test_profile_persistence_v2.py:375: Authentication failed: 400</skipped></testcase></testsuite></testsuites>