<?xml version="1.0" encoding="utf-8"?><testsuites name="pytest tests"><testsuite name="pytest" errors="0" failures="0" skipped="0" tests="17" time="2.298" timestamp="2026-01-06T02:49:40.061058+00:00" hostname="agent-env-4a8dd5d1-b387-4a4a-b0df-d0f16d77c3ef"><testcase classname="tests.test_calculate_order.TestCalculateOrderEndpoint" name="test_calculate_order_endpoint_exists" time="0.334" /><testcase classname="tests.test_calculate_order.TestCalculateOrderEndpoint" name="test_calculate_order_with_fixed_price_event" time="0.125" /><testcase classname="tests.test_calculate_order.TestCalculateOrderEndpoint" name="test_calculate_order_with_donation_event" time="0.136" /><testcase classname="tests.test_calculate_order.TestCalculateOrderEndpoint" name="test_calculate_order_with_addon" time="0.114" /><testcase classname="tests.test_calculate_order.TestCalculateOrderEndpoint" name="test_calculate_order_breakdown_fields" time="0.111" /><testcase classname="tests.test_calculate_order.TestCalculateOrderEndpoint" name="test_calculate_order_no_tickets_selected" time="0.110" /><testcase classname="tests.test_calculate_order.TestPlatformFeeCalculation" name="test_platform_fee_free_plan" time="0.116" /><testcase classname="tests.test_calculate_order.TestPlatformFeeCalculation" name="test_platform_fee_not_absorbed" time="0.121" /><testcase classname="tests.test_calculate_order.TestDiscountCalculation" name="test_discount_without_promo_code" time="0.122" /><testcase classname="tests.test_calculate_order.TestDiscountCalculation" name="test_discount_with_invalid_promo_code" time="0.110" /><testcase classname="tests.test_calculate_order.TestTaxCalculation" name="test_tax_calculation_no_tax_rate" time="0.110" /><testcase classname="tests.test_calculate_order.TestGrandTotalConsistency" name="test_grand_total_formula" time="0.151" /><testcase classname="tests.test_calculate_order.TestGrandTotalConsistency" name="test_subtotal_consistency" time="0.110" /><testcase classname="tests.test_calculate_order.TestCreateOrderConsistency" name="test_calculate_matches_create_order_structure" time="0.113" /><testcase classname="tests.test_calculate_order.TestEdgeCases" name="test_missing_event_id" time="0.110" /><testcase classname="tests.test_calculate_order.TestEdgeCases" name="test_negative_quantity_handled" time="0.122" /><testcase classname="tests.test_calculate_order.TestEdgeCases" name="test_zero_quantity" time="0.108" /></testsuite></testsuites>