<?xml version="1.0" encoding="utf-8"?><testsuites name="pytest tests"><testsuite name="pytest" errors="0" failures="0" skipped="0" tests="22" time="0.959" timestamp="2026-02-16T23:51:01.392056+00:00" hostname="agent-env-4efe1590-751c-483b-8f3d-7854b2079114"><testcase classname="tests.test_csrf_comprehensive.TestCSRFTokenEndpoint" name="test_csrf_token_endpoint_returns_token" time="0.004" /><testcase classname="tests.test_csrf_comprehensive.TestCSRFTokenEndpoint" name="test_csrf_cookie_is_set" time="0.002" /><testcase classname="tests.test_csrf_comprehensive.TestCSRFProtectedEndpoints" name="test_post_without_csrf_is_blocked" time="0.004" /><testcase classname="tests.test_csrf_comprehensive.TestCSRFProtectedEndpoints" name="test_put_without_csrf_is_blocked" time="0.003" /><testcase classname="tests.test_csrf_comprehensive.TestCSRFProtectedEndpoints" name="test_delete_without_csrf_is_blocked" time="0.003" /><testcase classname="tests.test_csrf_comprehensive.TestCSRFWithValidToken" name="test_post_with_csrf_passes_csrf_check" time="0.003" /><testcase classname="tests.test_csrf_comprehensive.TestCSRFWithValidToken" name="test_put_with_csrf_passes_csrf_check" time="0.003" /><testcase classname="tests.test_csrf_comprehensive.TestCSRFWithValidToken" name="test_delete_with_csrf_passes_csrf_check" time="0.003" /><testcase classname="tests.test_csrf_comprehensive.TestSafeMethodsWithoutCSRF" name="test_get_public_events_works" time="0.177" /><testcase classname="tests.test_csrf_comprehensive.TestSafeMethodsWithoutCSRF" name="test_get_health_works" time="0.002" /><testcase classname="tests.test_csrf_comprehensive.TestSafeMethodsWithoutCSRF" name="test_get_exchange_rates_works" time="0.094" /><testcase classname="tests.test_csrf_comprehensive.TestPublicPostEndpoints" name="test_convert_price_without_csrf_blocked" time="0.004" /><testcase classname="tests.test_csrf_comprehensive.TestPublicPostEndpoints" name="test_convert_price_with_csrf_works" time="0.003" /><testcase classname="tests.test_csrf_comprehensive.TestPublicPostEndpoints" name="test_presale_validate_with_csrf" time="0.160" /><testcase classname="tests.test_csrf_comprehensive.TestPublicPostEndpoints" name="test_presale_subscribe_with_csrf" time="0.131" /><testcase classname="tests.test_csrf_comprehensive.TestAuthEndpointsWithCSRF" name="test_auth_login_without_csrf_blocked" time="0.004" /><testcase classname="tests.test_csrf_comprehensive.TestAuthEndpointsWithCSRF" name="test_auth_login_with_csrf_passes_csrf_check" time="0.145" /><testcase classname="tests.test_csrf_comprehensive.TestAuthEndpointsWithCSRF" name="test_auth_signup_with_csrf_passes_csrf_check" time="0.004" /><testcase classname="tests.test_csrf_comprehensive.TestStripeEndpointsWithCSRF" name="test_calculate_order_without_csrf_blocked" time="0.004" /><testcase classname="tests.test_csrf_comprehensive.TestStripeEndpointsWithCSRF" name="test_calculate_order_with_csrf_passes" time="0.113" /><testcase classname="tests.test_csrf_comprehensive.TestStripeEndpointsWithCSRF" name="test_create_order_with_csrf_passes" time="0.006" /><testcase classname="tests.test_csrf_comprehensive.TestCORSHeadersIncludeCSRF" name="test_cors_allows_csrf_header" time="0.001" /></testsuite></testsuites>