<?xml version="1.0" encoding="utf-8"?><testsuites name="pytest tests"><testsuite name="pytest" errors="0" failures="0" skipped="0" tests="18" time="0.607" timestamp="2026-01-22T17:24:53.514359+00:00" hostname="agent-env-a3526cbb-b1e0-42ef-b1a1-9120265bb3d1"><testcase classname="tests.test_iteration44_features.TestEmailTemplateThemes" name="test_email_templates_file_exists" time="0.006" /><testcase classname="tests.test_iteration44_features.TestEmailTemplateThemes" name="test_modern_theme_uses_muted_colors" time="0.004" /><testcase classname="tests.test_iteration44_features.TestEmailTemplateThemes" name="test_classic_theme_uses_muted_colors" time="0.003" /><testcase classname="tests.test_iteration44_features.TestEmailTemplateThemes" name="test_all_themes_have_muted_color" time="0.004" /><testcase classname="tests.test_iteration44_features.TestRegistrationCurrencyMetadata" name="test_stripe_controller_stores_currency_metadata" time="0.003" /><testcase classname="tests.test_iteration44_features.TestRegistrationCurrencyMetadata" name="test_stripe_controller_stores_amount_metadata" time="0.003" /><testcase classname="tests.test_iteration44_features.TestRegistrationCurrencyMetadata" name="test_storage_service_normalizes_currency_data" time="0.006" /><testcase classname="tests.test_iteration44_features.TestMyTicketsDateParsing" name="test_date_parsing_safeguards_exist" time="0.006" /><testcase classname="tests.test_iteration44_features.TestMyTicketsDateParsing" name="test_date_parsing_handles_iso_format" time="0.003" /><testcase classname="tests.test_iteration44_features.TestMyTicketsDateParsing" name="test_future_events_default_to_active" time="0.003" /><testcase classname="tests.test_iteration44_features.TestTwoOptionSignupFlow" name="test_auth_component_has_step_0" time="0.003" /><testcase classname="tests.test_iteration44_features.TestTwoOptionSignupFlow" name="test_find_events_button_exists" time="0.003" /><testcase classname="tests.test_iteration44_features.TestTwoOptionSignupFlow" name="test_host_events_button_exists" time="0.003" /><testcase classname="tests.test_iteration44_features.TestTwoOptionSignupFlow" name="test_role_selection_sets_attendee" time="0.003" /><testcase classname="tests.test_iteration44_features.TestTwoOptionSignupFlow" name="test_role_selection_sets_organizer" time="0.004" /><testcase classname="tests.test_iteration44_features.TestBackendHealthAndEndpoints" name="test_backend_health" time="0.005" /><testcase classname="tests.test_iteration44_features.TestBackendHealthAndEndpoints" name="test_exchange_rates_endpoint" time="0.122" /><testcase classname="tests.test_iteration44_features.TestBackendHealthAndEndpoints" name="test_public_events_endpoint" time="0.339" /></testsuite></testsuites>