<?xml version="1.0" encoding="utf-8"?><testsuites name="pytest tests"><testsuite name="pytest" errors="0" failures="0" skipped="0" tests="13" time="0.221" timestamp="2026-01-06T16:43:08.661771+00:00" hostname="agent-env-58b65687-e440-4fd3-8575-7f7e44c8a53d"><testcase classname="tests.test_email_provider_api.TestEmailStatus" name="test_email_status_returns_200" time="0.004" /><testcase classname="tests.test_email_provider_api.TestEmailStatus" name="test_email_status_returns_provider_info" time="0.003" /><testcase classname="tests.test_email_provider_api.TestEmailStatus" name="test_email_status_configured_is_boolean" time="0.002" /><testcase classname="tests.test_email_provider_api.TestEmailSend" name="test_email_send_requires_fields" time="0.002" /><testcase classname="tests.test_email_provider_api.TestEmailSend" name="test_email_send_missing_to" time="0.002" /><testcase classname="tests.test_email_provider_api.TestEmailSend" name="test_email_send_missing_subject" time="0.002" /><testcase classname="tests.test_email_provider_api.TestEmailSend" name="test_email_send_missing_html" time="0.002" /><testcase classname="tests.test_email_provider_api.TestEmailSend" name="test_email_send_simulated_success" time="0.002" /><testcase classname="tests.test_email_provider_api.TestEmailSend" name="test_email_send_with_text_content" time="0.002" /><testcase classname="tests.test_email_provider_api.TestEmailSendBulk" name="test_bulk_send_requires_recipients" time="0.002" /><testcase classname="tests.test_email_provider_api.TestEmailSendBulk" name="test_bulk_send_requires_non_empty_recipients" time="0.002" /><testcase classname="tests.test_email_provider_api.TestEmailSendBulk" name="test_bulk_send_simulated_success" time="0.002" /><testcase classname="tests.test_email_provider_api.TestEmailSendBulk" name="test_bulk_send_with_recipient_objects" time="0.002" /></testsuite></testsuites>