<?xml version="1.0" encoding="utf-8"?><testsuites name="pytest tests"><testsuite name="pytest" errors="0" failures="0" skipped="0" tests="11" time="2.064" timestamp="2026-01-07T03:13:52.449539+00:00" hostname="agent-env-13ff9404-e907-4550-9b72-9356ff7af8c4"><testcase classname="tests.test_profile_persistence.TestDatabaseSchemaVerification" name="test_check_missing_profile_columns" time="0.355" /><testcase classname="tests.test_profile_persistence.TestProfilePersistence" name="test_get_profile_by_id_returns_existing_fields" time="0.161" /><testcase classname="tests.test_profile_persistence.TestProfilePersistence" name="test_get_profile_by_id_returns_extended_settings" time="0.121" /><testcase classname="tests.test_profile_persistence.TestProfilePersistence" name="test_profile_not_found_returns_404" time="0.123" /><testcase classname="tests.test_profile_persistence.TestProfilePersistence" name="test_direct_supabase_profile_columns" time="0.198" /><testcase classname="tests.test_profile_persistence.TestProfilePersistence" name="test_profile_socials_structure" time="0.141" /><testcase classname="tests.test_profile_persistence.TestPublicEventsWithOrganizerData" name="test_public_events_returns_owner_id" time="0.121" /><testcase classname="tests.test_profile_persistence.TestPublicEventsWithOrganizerData" name="test_can_fetch_organizer_for_event" time="0.256" /><testcase classname="tests.test_profile_persistence.TestProfileFieldMapping" name="test_existing_fields_returned_correctly" time="0.112" /><testcase classname="tests.test_profile_persistence.TestProfileFieldMapping" name="test_extended_settings_from_subscription" time="0.114" /><testcase classname="tests.test_profile_persistence.TestSubscriptionSettingsExtraction" name="test_subscription_settings_extracted_to_top_level" time="0.312" /></testsuite></testsuites>