<?xml version="1.0" encoding="utf-8"?><testsuites name="pytest tests"><testsuite name="pytest" errors="0" failures="14" skipped="0" tests="41" time="10.462" timestamp="2026-01-23T13:26:38.996392+00:00" hostname="agent-env-a3526cbb-b1e0-42ef-b1a1-9120265bb3d1"><testcase classname="backend.tests.test_comprehensive_audit.TestPublicEndpoints" name="test_health_check" time="0.246" /><testcase classname="backend.tests.test_comprehensive_audit.TestPublicEndpoints" name="test_ping_endpoint" time="0.234" /><testcase classname="backend.tests.test_comprehensive_audit.TestPublicEndpoints" name="test_debug_env" time="0.322" /><testcase classname="backend.tests.test_comprehensive_audit.TestPublicEndpoints" name="test_get_public_events" time="0.194"><failure message="assert 401 == 200&#10; +  where 401 = &lt;Response [401]&gt;.status_code">backend/tests/test_comprehensive_audit.py:43: in test_get_public_events
    assert response.status_code == 200
E   assert 401 == 200
E    +  where 401 = &lt;Response [401]&gt;.status_code</failure></testcase><testcase classname="backend.tests.test_comprehensive_audit.TestPublicEndpoints" name="test_get_admin_gemini_key_public" time="0.719" /><testcase classname="backend.tests.test_comprehensive_audit.TestPublicEndpoints" name="test_affiliate_track_click" time="0.613" /><testcase classname="backend.tests.test_comprehensive_audit.TestPublicEndpoints" name="test_affiliate_by_code_lookup" time="0.390" /><testcase classname="backend.tests.test_comprehensive_audit.TestAuthEndpoints" name="test_login_endpoint_exists" time="0.459" /><testcase classname="backend.tests.test_comprehensive_audit.TestAuthEndpoints" name="test_signup_endpoint_exists" time="0.649" /><testcase classname="backend.tests.test_comprehensive_audit.TestAuthEndpoints" name="test_profile_endpoint_requires_auth" time="0.201" /><testcase classname="backend.tests.test_comprehensive_audit.TestTicketLookupEndpoints" name="test_find_tickets_by_email" time="0.470" /><testcase classname="backend.tests.test_comprehensive_audit.TestTicketLookupEndpoints" name="test_find_tickets_missing_email" time="0.193" /><testcase classname="backend.tests.test_comprehensive_audit.TestRegistrationEndpoints" name="test_get_all_registrations_public" time="0.193" /><testcase classname="backend.tests.test_comprehensive_audit.TestRegistrationEndpoints" name="test_checkin_requires_auth" time="0.195" /><testcase classname="backend.tests.test_comprehensive_audit.TestAdminEndpointsProtection" name="test_admin_users_requires_auth" time="0.226" /><testcase classname="backend.tests.test_comprehensive_audit.TestAdminEndpointsProtection" name="test_admin_events_requires_auth" time="0.201" /><testcase classname="backend.tests.test_comprehensive_audit.TestAdminEndpointsProtection" name="test_admin_registrations_requires_auth" time="0.194" /><testcase classname="backend.tests.test_comprehensive_audit.TestAdminEndpointsProtection" name="test_admin_financials_requires_auth" time="0.206" /><testcase classname="backend.tests.test_comprehensive_audit.TestAdminEndpointsProtection" name="test_admin_promo_codes_requires_auth" time="0.192" /><testcase classname="backend.tests.test_comprehensive_audit.TestAdminEndpointsProtection" name="test_admin_affiliate_analytics_requires_auth" time="0.191" /><testcase classname="backend.tests.test_comprehensive_audit.TestAdminEndpointsProtection" name="test_admin_affiliate_payouts_requires_auth" time="0.209" /><testcase classname="backend.tests.test_comprehensive_audit.TestAdminEndpointsProtection" name="test_admin_platform_payouts_requires_auth" time="0.195" /><testcase classname="backend.tests.test_comprehensive_audit.TestAdminEndpointsProtection" name="test_admin_audit_logs_requires_auth" time="0.232" /><testcase classname="backend.tests.test_comprehensive_audit.TestAdminEndpointsProtection" name="test_admin_security_audit_logs_requires_auth" time="0.196" /><testcase classname="backend.tests.test_comprehensive_audit.TestAdminEndpointsProtection" name="test_admin_analytics_overview_requires_auth" time="0.192" /><testcase classname="backend.tests.test_comprehensive_audit.TestAdminEndpointsProtection" name="test_post_gemini_key_requires_auth" time="0.196" /><testcase classname="backend.tests.test_comprehensive_audit.TestStripeEndpoints" name="test_stripe_routes_exist" time="0.194"><failure message="assert 404 != 404&#10; +  where 404 = &lt;Response [404]&gt;.status_code">backend/tests/test_comprehensive_audit.py:231: in test_stripe_routes_exist
    assert response.status_code != 404
E   assert 404 != 404
E    +  where 404 = &lt;Response [404]&gt;.status_code</failure></testcase><testcase classname="backend.tests.test_comprehensive_audit.TestStripeEndpoints" name="test_subscription_routes_exist" time="0.201"><failure message="assert 404 != 404&#10; +  where 404 = &lt;Response [404]&gt;.status_code">backend/tests/test_comprehensive_audit.py:238: in test_subscription_routes_exist
    assert response.status_code != 404
E   assert 404 != 404
E    +  where 404 = &lt;Response [404]&gt;.status_code</failure></testcase><testcase classname="backend.tests.test_comprehensive_audit.TestEmailEndpoints" name="test_email_status" time="0.197" /><testcase classname="backend.tests.test_comprehensive_audit.TestAnalyticsEndpoints" name="test_analytics_routes_exist" time="0.199"><failure message="assert 404 != 404&#10; +  where 404 = &lt;Response [404]&gt;.status_code">backend/tests/test_comprehensive_audit.py:260: in test_analytics_routes_exist
    assert response.status_code != 404
E   assert 404 != 404
E    +  where 404 = &lt;Response [404]&gt;.status_code</failure></testcase><testcase classname="backend.tests.test_comprehensive_audit.TestOnboardingEndpoints" name="test_onboarding_routes_exist" time="0.202"><failure message="assert 404 != 404&#10; +  where 404 = &lt;Response [404]&gt;.status_code">backend/tests/test_comprehensive_audit.py:271: in test_onboarding_routes_exist
    assert response.status_code != 404
E   assert 404 != 404
E    +  where 404 = &lt;Response [404]&gt;.status_code</failure></testcase><testcase classname="backend.tests.test_comprehensive_audit.TestKioskEndpoints" name="test_kiosk_routes_exist" time="0.198"><failure message="assert 404 != 404&#10; +  where 404 = &lt;Response [404]&gt;.status_code">backend/tests/test_comprehensive_audit.py:282: in test_kiosk_routes_exist
    assert response.status_code != 404
E   assert 404 != 404
E    +  where 404 = &lt;Response [404]&gt;.status_code</failure></testcase><testcase classname="backend.tests.test_comprehensive_audit.TestEnterpriseEndpoints" name="test_enterprise_routes_exist" time="0.195"><failure message="assert 404 != 404&#10; +  where 404 = &lt;Response [404]&gt;.status_code">backend/tests/test_comprehensive_audit.py:293: in test_enterprise_routes_exist
    assert response.status_code != 404
E   assert 404 != 404
E    +  where 404 = &lt;Response [404]&gt;.status_code</failure></testcase><testcase classname="backend.tests.test_comprehensive_audit.TestWaitlistEndpoints" name="test_waitlist_routes_exist" time="0.191"><failure message="assert 404 != 404&#10; +  where 404 = &lt;Response [404]&gt;.status_code">backend/tests/test_comprehensive_audit.py:304: in test_waitlist_routes_exist
    assert response.status_code != 404
E   assert 404 != 404
E    +  where 404 = &lt;Response [404]&gt;.status_code</failure></testcase><testcase classname="backend.tests.test_comprehensive_audit.TestPushNotificationEndpoints" name="test_push_routes_exist" time="0.200"><failure message="assert 404 != 404&#10; +  where 404 = &lt;Response [404]&gt;.status_code">backend/tests/test_comprehensive_audit.py:315: in test_push_routes_exist
    assert response.status_code != 404
E   assert 404 != 404
E    +  where 404 = &lt;Response [404]&gt;.status_code</failure></testcase><testcase classname="backend.tests.test_comprehensive_audit.TestAIEndpoints" name="test_ai_routes_exist" time="0.196"><failure message="assert 404 != 404&#10; +  where 404 = &lt;Response [404]&gt;.status_code">backend/tests/test_comprehensive_audit.py:326: in test_ai_routes_exist
    assert response.status_code != 404
E   assert 404 != 404
E    +  where 404 = &lt;Response [404]&gt;.status_code</failure></testcase><testcase classname="backend.tests.test_comprehensive_audit.TestSMMEndpoints" name="test_smm_routes_exist" time="0.202"><failure message="assert 404 != 404&#10; +  where 404 = &lt;Response [404]&gt;.status_code">backend/tests/test_comprehensive_audit.py:337: in test_smm_routes_exist
    assert response.status_code != 404
E   assert 404 != 404
E    +  where 404 = &lt;Response [404]&gt;.status_code</failure></testcase><testcase classname="backend.tests.test_comprehensive_audit.TestUploadEndpoints" name="test_upload_routes_exist" time="0.191"><failure message="assert 404 != 404&#10; +  where 404 = &lt;Response [404]&gt;.status_code">backend/tests/test_comprehensive_audit.py:348: in test_upload_routes_exist
    assert response.status_code != 404
E   assert 404 != 404
E    +  where 404 = &lt;Response [404]&gt;.status_code</failure></testcase><testcase classname="backend.tests.test_comprehensive_audit.TestNotificationEndpoints" name="test_notification_routes_exist" time="0.192"><failure message="assert 404 != 404&#10; +  where 404 = &lt;Response [404]&gt;.status_code">backend/tests/test_comprehensive_audit.py:359: in test_notification_routes_exist
    assert response.status_code != 404
E   assert 404 != 404
E    +  where 404 = &lt;Response [404]&gt;.status_code</failure></testcase><testcase classname="backend.tests.test_comprehensive_audit.TestSettingsEndpoints" name="test_settings_routes_exist" time="0.222"><failure message="assert 404 != 404&#10; +  where 404 = &lt;Response [404]&gt;.status_code">backend/tests/test_comprehensive_audit.py:370: in test_settings_routes_exist
    assert response.status_code != 404
E   assert 404 != 404
E    +  where 404 = &lt;Response [404]&gt;.status_code</failure></testcase><testcase classname="backend.tests.test_comprehensive_audit.TestAPISummary" name="test_all_routes_summary" time="0.000" /></testsuite></testsuites>