<?xml version="1.0" encoding="utf-8"?><testsuites name="pytest tests"><testsuite name="pytest" errors="0" failures="1" skipped="0" tests="17" time="2.399" timestamp="2026-01-26T21:00:36.983896+00:00" hostname="agent-env-a673ac01-e0e7-4e70-963c-8e71519bb477"><testcase classname="backend.tests.test_push_notification_integration.TestPushNotificationEndpoints" name="test_vapid_key_endpoint" time="0.402" /><testcase classname="backend.tests.test_push_notification_integration.TestPushNotificationEndpoints" name="test_push_subscribe_requires_auth" time="0.235" /><testcase classname="backend.tests.test_push_notification_integration.TestPushNotificationEndpoints" name="test_push_status_requires_auth" time="0.204" /><testcase classname="backend.tests.test_push_notification_integration.TestPushNotificationEndpoints" name="test_push_test_requires_auth" time="0.300" /><testcase classname="backend.tests.test_push_notification_integration.TestNotificationEndpoints" name="test_notifications_get_requires_auth" time="0.260" /><testcase classname="backend.tests.test_push_notification_integration.TestNotificationEndpoints" name="test_notifications_create_requires_auth" time="0.206" /><testcase classname="backend.tests.test_push_notification_integration.TestNotificationEndpoints" name="test_notifications_broadcast_requires_auth" time="0.209" /><testcase classname="backend.tests.test_push_notification_integration.TestStripeWebhookCodeReview" name="test_checkout_completed_notification_code_structure" time="0.001" /><testcase classname="backend.tests.test_push_notification_integration.TestStripeWebhookCodeReview" name="test_payment_intent_succeeded_notification_code_structure" time="0.000" /><testcase classname="backend.tests.test_push_notification_integration.TestStripeWebhookCodeReview" name="test_notification_payload_contains_required_fields" time="0.000" /><testcase classname="backend.tests.test_push_notification_integration.TestPushServiceCodeReview" name="test_push_service_has_send_notification" time="0.000" /><testcase classname="backend.tests.test_push_notification_integration.TestPushServiceCodeReview" name="test_push_service_handles_missing_subscription" time="0.000" /><testcase classname="backend.tests.test_push_notification_integration.TestPushServiceCodeReview" name="test_push_service_has_vapid_configuration" time="0.000" /><testcase classname="backend.tests.test_push_notification_integration.TestNotificationSettingsComponent" name="test_notification_settings_has_correct_types" time="0.000" /><testcase classname="backend.tests.test_push_notification_integration.TestNotificationSettingsComponent" name="test_notification_settings_has_enable_disable_toggle" time="0.000" /><testcase classname="backend.tests.test_push_notification_integration.TestWebhookIntegration" name="test_webhook_endpoint_exists" time="0.219"><failure message="AssertionError: Webhook endpoint should exist, got 404&#10;assert 404 in [400, 500]&#10; +  where 404 = &lt;Response [404]&gt;.status_code">backend/tests/test_push_notification_integration.py:303: in test_webhook_endpoint_exists
    assert response.status_code in [400, 500], \
E   AssertionError: Webhook endpoint should exist, got 404
E   assert 404 in [400, 500]
E    +  where 404 = &lt;Response [404]&gt;.status_code</failure></testcase><testcase classname="backend.tests.test_push_notification_integration.TestWebhookIntegration" name="test_health_endpoint" time="0.247" /></testsuite></testsuites>