<?xml version="1.0" encoding="utf-8"?><testsuites name="pytest tests"><testsuite name="pytest" errors="0" failures="0" skipped="0" tests="10" time="1.117" timestamp="2026-01-05T05:49:44.313031+00:00" hostname="agent-env-4a8dd5d1-b387-4a4a-b0df-d0f16d77c3ef"><testcase classname="tests.test_subscription_endpoints.TestSubscriptionCreateCheckout" name="test_create_checkout_free_plan_success" time="0.331" /><testcase classname="tests.test_subscription_endpoints.TestSubscriptionCreateCheckout" name="test_create_checkout_missing_fields" time="0.003" /><testcase classname="tests.test_subscription_endpoints.TestSubscriptionCreateCheckout" name="test_create_checkout_missing_user_id" time="0.002" /><testcase classname="tests.test_subscription_endpoints.TestSubscriptionCreateCheckout" name="test_create_checkout_paid_plan_stripe_error" time="0.175" /><testcase classname="tests.test_subscription_endpoints.TestSubscriptionVerify" name="test_verify_missing_session_id" time="0.002" /><testcase classname="tests.test_subscription_endpoints.TestSubscriptionVerify" name="test_verify_invalid_session_id" time="0.172" /><testcase classname="tests.test_subscription_endpoints.TestSubscriptionStatus" name="test_status_nonexistent_user" time="0.176" /><testcase classname="tests.test_subscription_endpoints.TestProfileAdminPremium" name="test_profile_endpoint_exists" time="0.141" /><testcase classname="tests.test_subscription_endpoints.TestHealthAndPing" name="test_health_endpoint" time="0.002" /><testcase classname="tests.test_subscription_endpoints.TestHealthAndPing" name="test_ping_endpoint" time="0.002" /></testsuite></testsuites>