<?xml version="1.0" encoding="utf-8"?><testsuites name="pytest tests"><testsuite name="pytest" errors="0" failures="3" skipped="0" tests="22" time="9.935" timestamp="2026-01-28T21:53:31.537173+00:00" hostname="agent-env-a5bf280b-5ede-4e13-8fb0-b478809413ab"><testcase classname="backend.tests.test_presale_system.TestPresaleSignup" name="test_signup_with_valid_data" time="0.967"><failure message="assert 404 == 200&#10; +  where 404 = &lt;Response [404]&gt;.status_code">backend/tests/test_presale_system.py:43: in test_signup_with_valid_data
    assert response.status_code == 200
E   assert 404 == 200
E    +  where 404 = &lt;Response [404]&gt;.status_code</failure></testcase><testcase classname="backend.tests.test_presale_system.TestPresaleSignup" name="test_signup_with_invalid_email" time="0.619"><failure message="assert 404 == 400&#10; +  where 404 = &lt;Response [404]&gt;.status_code">backend/tests/test_presale_system.py:66: in test_signup_with_invalid_email
    assert response.status_code == 400
E   assert 404 == 400
E    +  where 404 = &lt;Response [404]&gt;.status_code</failure></testcase><testcase classname="backend.tests.test_presale_system.TestPresaleSignup" name="test_signup_with_missing_email" time="0.629"><failure message="assert 404 == 400&#10; +  where 404 = &lt;Response [404]&gt;.status_code">backend/tests/test_presale_system.py:89: in test_signup_with_missing_email
    assert response.status_code == 400
E   assert 404 == 400
E    +  where 404 = &lt;Response [404]&gt;.status_code</failure></testcase><testcase classname="backend.tests.test_presale_system.TestPresaleSignup" name="test_signup_nonexistent_event" time="0.202" /><testcase classname="backend.tests.test_presale_system.TestPresaleValidation" name="test_validate_presale_nonexistent_event" time="0.369" /><testcase classname="backend.tests.test_presale_system.TestPresaleValidation" name="test_validate_presale_no_presale_enabled" time="0.791" /><testcase classname="backend.tests.test_presale_system.TestPresaleValidation" name="test_validate_presale_with_invalid_code" time="0.771" /><testcase classname="backend.tests.test_presale_system.TestPresaleValidation" name="test_validate_presale_with_invalid_token" time="0.753" /><testcase classname="backend.tests.test_presale_system.TestPresaleCodesUnauthorized" name="test_get_codes_unauthorized" time="0.212" /><testcase classname="backend.tests.test_presale_system.TestPresaleCodesUnauthorized" name="test_create_codes_unauthorized" time="0.200" /><testcase classname="backend.tests.test_presale_system.TestPresaleCodesUnauthorized" name="test_generate_codes_unauthorized" time="0.197" /><testcase classname="backend.tests.test_presale_system.TestPresaleCodesUnauthorized" name="test_delete_code_unauthorized" time="0.191" /><testcase classname="backend.tests.test_presale_system.TestPresaleCodeValidation" name="test_create_codes_empty_array" time="0.203" /><testcase classname="backend.tests.test_presale_system.TestPresaleCodeValidation" name="test_generate_codes_invalid_count" time="0.204" /><testcase classname="backend.tests.test_presale_system.TestPresaleEndpointStructure" name="test_validate_endpoint_exists" time="0.410" /><testcase classname="backend.tests.test_presale_system.TestPresaleEndpointStructure" name="test_codes_endpoint_exists" time="0.268" /><testcase classname="backend.tests.test_presale_system.TestPresaleEndpointStructure" name="test_generate_endpoint_exists" time="0.198" /><testcase classname="backend.tests.test_presale_system.TestPresaleEndpointStructure" name="test_delete_endpoint_exists" time="0.201" /><testcase classname="backend.tests.test_presale_system.TestPresaleEndpointStructure" name="test_use_code_endpoint_exists" time="0.552" /><testcase classname="backend.tests.test_presale_system.TestPresaleValidationLogic" name="test_validate_response_structure" time="0.727" /><testcase classname="backend.tests.test_presale_system.TestPresaleValidationLogic" name="test_validate_with_code_and_token" time="0.724" /><testcase classname="backend.tests.test_presale_system.TestPresaleIntegration" name="test_events_include_presale_config" time="0.372" /></testsuite></testsuites>