<?xml version="1.0" encoding="utf-8"?><testsuites name="pytest tests"><testsuite name="pytest" errors="0" failures="0" skipped="0" tests="12" time="0.085" timestamp="2026-02-23T00:54:07.316004+00:00" hostname="agent-env-fb758b14-bb77-48f6-89be-45c7ea698ebc"><testcase classname="tests.test_stripe_redirect_fixes.TestPayoutEndpoint" name="test_payout_endpoint_exists_not_404" time="0.004" /><testcase classname="tests.test_stripe_redirect_fixes.TestPayoutEndpoint" name="test_payout_endpoint_with_invalid_token" time="0.002" /><testcase classname="tests.test_stripe_redirect_fixes.TestPayoutEndpoint" name="test_payout_endpoint_instant_mode" time="0.002" /><testcase classname="tests.test_stripe_redirect_fixes.TestVerifySessionEndpoint" name="test_verify_session_no_session_id" time="0.002" /><testcase classname="tests.test_stripe_redirect_fixes.TestVerifySessionEndpoint" name="test_verify_session_with_fake_session_id" time="0.002" /><testcase classname="tests.test_stripe_redirect_fixes.TestStripeRoutesAvailability" name="test_create_order_not_404" time="0.002" /><testcase classname="tests.test_stripe_redirect_fixes.TestStripeRoutesAvailability" name="test_calculate_order_not_404" time="0.002" /><testcase classname="tests.test_stripe_redirect_fixes.TestStripeRoutesAvailability" name="test_exchange_rates_available" time="0.002" /><testcase classname="tests.test_stripe_redirect_fixes.TestStripeRoutesAvailability" name="test_connect_status_requires_auth" time="0.002" /><testcase classname="tests.test_stripe_redirect_fixes.TestStripeRoutesAvailability" name="test_request_payout_route_registered" time="0.002" /><testcase classname="tests.test_stripe_redirect_fixes.TestBackendHealth" name="test_backend_is_running" time="0.001" /><testcase classname="tests.test_stripe_redirect_fixes.TestBackendHealth" name="test_backend_events_endpoint" time="0.005" /></testsuite></testsuites>