<?xml version="1.0" encoding="utf-8"?><testsuites name="pytest tests"><testsuite name="pytest" errors="0" failures="2" skipped="0" tests="9" time="3.624" timestamp="2026-02-23T03:54:33.353163+00:00" hostname="agent-env-a4c6a20a-aaa5-43c6-93b2-6ebd109b25ed"><testcase classname="backend.tests.test_event_update_fee_fix.TestHealthCheck" name="test_health_returns_200" time="0.364" /><testcase classname="backend.tests.test_event_update_fee_fix.TestCalculateOrder" name="test_calculate_order_endpoint_accessible" time="0.441" /><testcase classname="backend.tests.test_event_update_fee_fix.TestCalculateOrder" name="test_calculate_order_test_event_returns_fee_breakdown" time="0.436"><failure message="AssertionError: Missing field: stripeFee&#10;assert 'stripeFee' in {'addOnSubtotal': 0, 'currency': 'usd', 'customFeesAmount': 0, 'discountAmount': 0, ...}">backend/tests/test_event_update_fee_fix.py:65: in test_calculate_order_test_event_returns_fee_breakdown
    assert field in breakdown, f"Missing field: {field}"
E   AssertionError: Missing field: stripeFee
E   assert 'stripeFee' in {'addOnSubtotal': 0, 'currency': 'usd', 'customFeesAmount': 0, 'discountAmount': 0, ...}</failure></testcase><testcase classname="backend.tests.test_event_update_fee_fix.TestCalculateOrder" name="test_calculate_order_returns_correct_fee_math" time="0.429"><failure message="KeyError: 'stripeFee'">backend/tests/test_event_update_fee_fix.py:102: in test_calculate_order_returns_correct_fee_math
    assert b["stripeFee"] &gt; 0, "Stripe fee must be &gt; 0 for non-absorbed paid event"
           ^^^^^^^^^^^^^^
E   KeyError: 'stripeFee'</failure></testcase><testcase classname="backend.tests.test_event_update_fee_fix.TestEventUpdateAuth" name="test_event_update_requires_auth_not_500" time="0.306" /><testcase classname="backend.tests.test_event_update_fee_fix.TestEventUpdateAuth" name="test_event_update_with_bad_token_returns_401" time="0.287" /><testcase classname="backend.tests.test_event_update_fee_fix.TestEventUpdateAuth" name="test_event_create_requires_auth" time="0.288" /><testcase classname="backend.tests.test_event_update_fee_fix.TestFeeAbsorptionBreakdown" name="test_non_existent_event_returns_404_not_500" time="0.417" /><testcase classname="backend.tests.test_event_update_fee_fix.TestFeeAbsorptionBreakdown" name="test_calculate_order_returns_fee_absorbed_flag" time="0.439" /></testsuite></testsuites>