<?xml version="1.0" encoding="utf-8"?><testsuites name="pytest tests"><testsuite name="pytest" errors="0" failures="0" skipped="0" tests="10" time="0.953" timestamp="2026-02-22T17:16:00.182622+00:00" hostname="agent-env-7d2ced6a-fc9a-4c3e-84c5-072697a3902e"><testcase classname="backend.tests.test_stripe_fixes.TestPingHealth" name="test_ping_returns_pong" time="0.004" /><testcase classname="backend.tests.test_stripe_fixes.TestPingHealth" name="test_health_endpoint" time="0.002" /><testcase classname="backend.tests.test_stripe_fixes.TestStripeWebhookFix" name="test_webhook_no_signature_returns_stripe_error" time="0.004" /><testcase classname="backend.tests.test_stripe_fixes.TestStripeWebhookFix" name="test_stripe_webhook_alias_no_signature" time="0.003" /><testcase classname="backend.tests.test_stripe_fixes.TestCSRFExclusions" name="test_verify_session_no_csrf_error" time="0.254" /><testcase classname="backend.tests.test_stripe_fixes.TestCSRFExclusions" name="test_create_order_no_csrf_error" time="0.242" /><testcase classname="backend.tests.test_stripe_fixes.TestCSRFExclusions" name="test_calculate_order_no_csrf_error" time="0.142" /><testcase classname="backend.tests.test_stripe_fixes.TestStripeKeyValidation" name="test_debug_env_accessible" time="0.003" /><testcase classname="backend.tests.test_stripe_fixes.TestStripeKeyValidation" name="test_stripe_mode_verified_via_webhook" time="0.003" /><testcase classname="backend.tests.test_stripe_fixes.TestVerifySessionStripeBehavior" name="test_verify_session_invalid_session_id" time="0.172" /></testsuite></testsuites>