<?xml version="1.0" encoding="utf-8"?><testsuites name="pytest tests"><testsuite name="pytest" errors="0" failures="9" skipped="0" tests="11" time="0.587" timestamp="2026-01-03T21:30:05.028774+00:00" hostname="agent-env-be6f7cc1-d227-476e-a0c1-23013a3fa237"><testcase classname="tests.test_openticket_api.TestHealthEndpoints" name="test_ping_endpoint" time="0.089"><failure message="assert 404 == 200&#10; +  where 404 = &lt;Response [404]&gt;.status_code">tests/test_openticket_api.py:21: in test_ping_endpoint
    assert response.status_code == 200
E   assert 404 == 200
E    +  where 404 = &lt;Response [404]&gt;.status_code</failure></testcase><testcase classname="tests.test_openticket_api.TestHealthEndpoints" name="test_health_endpoint" time="0.034"><failure message="assert 404 == 200&#10; +  where 404 = &lt;Response [404]&gt;.status_code">tests/test_openticket_api.py:28: in test_health_endpoint
    assert response.status_code == 200
E   assert 404 == 200
E    +  where 404 = &lt;Response [404]&gt;.status_code</failure></testcase><testcase classname="tests.test_openticket_api.TestHealthEndpoints" name="test_debug_endpoint" time="0.034"><failure message="assert 404 == 200&#10; +  where 404 = &lt;Response [404]&gt;.status_code">tests/test_openticket_api.py:37: in test_debug_endpoint
    assert response.status_code == 200
E   assert 404 == 200
E    +  where 404 = &lt;Response [404]&gt;.status_code</failure></testcase><testcase classname="tests.test_openticket_api.TestEventsAPI" name="test_public_events_list" time="0.032"><failure message="assert 404 == 200&#10; +  where 404 = &lt;Response [404]&gt;.status_code">tests/test_openticket_api.py:50: in test_public_events_list
    assert response.status_code == 200
E   assert 404 == 200
E    +  where 404 = &lt;Response [404]&gt;.status_code</failure></testcase><testcase classname="tests.test_openticket_api.TestEventsAPI" name="test_event_has_required_fields" time="0.035"><failure message="assert 404 == 200&#10; +  where 404 = &lt;Response [404]&gt;.status_code">tests/test_openticket_api.py:67: in test_event_has_required_fields
    assert response.status_code == 200
E   assert 404 == 200
E    +  where 404 = &lt;Response [404]&gt;.status_code</failure></testcase><testcase classname="tests.test_openticket_api.TestStripeVerifySession" name="test_verify_session_missing_session_id" time="0.031"><failure message="assert 404 == 400&#10; +  where 404 = &lt;Response [404]&gt;.status_code">tests/test_openticket_api.py:88: in test_verify_session_missing_session_id
    assert response.status_code == 400
E   assert 404 == 400
E    +  where 404 = &lt;Response [404]&gt;.status_code</failure></testcase><testcase classname="tests.test_openticket_api.TestStripeVerifySession" name="test_verify_session_invalid_session" time="0.037"><failure message="assert 404 == 500&#10; +  where 404 = &lt;Response [404]&gt;.status_code">tests/test_openticket_api.py:102: in test_verify_session_invalid_session
    assert response.status_code == 500
E   assert 404 == 500
E    +  where 404 = &lt;Response [404]&gt;.status_code</failure></testcase><testcase classname="tests.test_openticket_api.TestStripeVerifySession" name="test_verify_session_endpoint_exists" time="0.036"><failure message="assert 404 != 404&#10; +  where 404 = &lt;Response [404]&gt;.status_code">tests/test_openticket_api.py:117: in test_verify_session_endpoint_exists
    assert response.status_code != 404
E   assert 404 != 404
E    +  where 404 = &lt;Response [404]&gt;.status_code</failure></testcase><testcase classname="tests.test_openticket_api.TestStripeOtherEndpoints" name="test_calculate_order_endpoint" time="0.035" /><testcase classname="tests.test_openticket_api.TestStripeOtherEndpoints" name="test_create_order_missing_data" time="0.034" /><testcase classname="tests.test_openticket_api.TestCheckEndpoint" name="test_check_route" time="0.035"><failure message="assert 404 == 200&#10; +  where 404 = &lt;Response [404]&gt;.status_code">tests/test_openticket_api.py:157: in test_check_route
    assert response.status_code == 200
E   assert 404 == 200
E    +  where 404 = &lt;Response [404]&gt;.status_code</failure></testcase></testsuite></testsuites>