<?xml version="1.0" encoding="utf-8"?><testsuites name="pytest tests"><testsuite name="pytest" errors="0" failures="6" skipped="0" tests="18" time="2.731" timestamp="2026-01-27T03:54:35.508609+00:00" hostname="agent-env-a673ac01-e0e7-4e70-963c-8e71519bb477"><testcase classname="backend.tests.test_presale_system.TestPresaleValidation" name="test_validate_presale_nonexistent_event" time="0.765" /><testcase classname="backend.tests.test_presale_system.TestPresaleValidation" name="test_validate_presale_no_presale_enabled" time="0.253"><failure message="AttributeError: 'str' object has no attribute 'get'">backend/tests/test_presale_system.py:42: in test_validate_presale_no_presale_enabled
    if not event.get('presale') or not event.get('presale', {}).get('enabled'):
           ^^^^^^^^^
E   AttributeError: 'str' object has no attribute 'get'</failure></testcase><testcase classname="backend.tests.test_presale_system.TestPresaleValidation" name="test_validate_presale_with_invalid_code" time="0.176"><failure message="KeyError: 0">backend/tests/test_presale_system.py:69: in test_validate_presale_with_invalid_code
    test_event = events[0]
                 ^^^^^^^^^
E   KeyError: 0</failure></testcase><testcase classname="backend.tests.test_presale_system.TestPresaleValidation" name="test_validate_presale_with_invalid_token" time="0.239"><failure message="KeyError: 0">backend/tests/test_presale_system.py:91: in test_validate_presale_with_invalid_token
    test_event = events[0]
                 ^^^^^^^^^
E   KeyError: 0</failure></testcase><testcase classname="backend.tests.test_presale_system.TestPresaleCodesUnauthorized" name="test_get_codes_unauthorized" time="0.002" /><testcase classname="backend.tests.test_presale_system.TestPresaleCodesUnauthorized" name="test_create_codes_unauthorized" time="0.002" /><testcase classname="backend.tests.test_presale_system.TestPresaleCodesUnauthorized" name="test_generate_codes_unauthorized" time="0.002" /><testcase classname="backend.tests.test_presale_system.TestPresaleCodesUnauthorized" name="test_delete_code_unauthorized" time="0.002" /><testcase classname="backend.tests.test_presale_system.TestPresaleCodeValidation" name="test_create_codes_empty_array" time="0.002" /><testcase classname="backend.tests.test_presale_system.TestPresaleCodeValidation" name="test_generate_codes_invalid_count" time="0.002" /><testcase classname="backend.tests.test_presale_system.TestPresaleEndpointStructure" name="test_validate_endpoint_exists" time="0.186" /><testcase classname="backend.tests.test_presale_system.TestPresaleEndpointStructure" name="test_codes_endpoint_exists" time="0.002" /><testcase classname="backend.tests.test_presale_system.TestPresaleEndpointStructure" name="test_generate_endpoint_exists" time="0.003" /><testcase classname="backend.tests.test_presale_system.TestPresaleEndpointStructure" name="test_delete_endpoint_exists" time="0.002" /><testcase classname="backend.tests.test_presale_system.TestPresaleEndpointStructure" name="test_use_code_endpoint_exists" time="0.486" /><testcase classname="backend.tests.test_presale_system.TestPresaleValidationLogic" name="test_validate_response_structure" time="0.171"><failure message="KeyError: 0">backend/tests/test_presale_system.py:246: in test_validate_response_structure
    test_event = events_response.json()[0]
                 ^^^^^^^^^^^^^^^^^^^^^^^^^
E   KeyError: 0</failure></testcase><testcase classname="backend.tests.test_presale_system.TestPresaleValidationLogic" name="test_validate_with_code_and_token" time="0.156"><failure message="KeyError: 0">backend/tests/test_presale_system.py:272: in test_validate_with_code_and_token
    test_event = events_response.json()[0]
                 ^^^^^^^^^^^^^^^^^^^^^^^^^
E   KeyError: 0</failure></testcase><testcase classname="backend.tests.test_presale_system.TestPresaleIntegration" name="test_events_include_presale_config" time="0.166"><failure message="TypeError: unhashable type: 'slice'">backend/tests/test_presale_system.py:301: in test_events_include_presale_config
    for event in events[:5]:  # Check first 5 events
                 ^^^^^^^^^^
E   TypeError: unhashable type: 'slice'</failure></testcase></testsuite></testsuites>