<?xml version="1.0" encoding="utf-8"?><testsuites name="pytest tests"><testsuite name="pytest" errors="0" failures="4" skipped="2" tests="20" time="6.410" timestamp="2026-02-23T03:18:15.314633+00:00" hostname="agent-env-fb758b14-bb77-48f6-89be-45c7ea698ebc"><testcase classname="tests.test_fee_transparency.TestCalculateOrderStripeFee" name="test_calculate_order_returns_strip_fee_field" time="0.659"><failure message="AssertionError: MISSING 'stripeFee' field in calculate-order response. Got fields: ['items', 'ticketSubtotal', 'addOnSubtotal', 'donationSubtotal', 'rawSubtotal', 'discountAmount', 'discountedSubtotal', 'taxableAmount', 'taxAmount', 'customFeesAmount', 'platformFee', 'grandTotal', 'currency', 'platformFeeAbsorbedByOrganizer']&#10;assert 'stripeFee' in {'addOnSubtotal': 0, 'currency': 'usd', 'customFeesAmount': 0, 'discountAmount': 0, ...}">tests/test_fee_transparency.py:54: in test_calculate_order_returns_strip_fee_field
    assert "stripeFee" in breakdown, (
E   AssertionError: MISSING 'stripeFee' field in calculate-order response. Got fields: ['items', 'ticketSubtotal', 'addOnSubtotal', 'donationSubtotal', 'rawSubtotal', 'discountAmount', 'discountedSubtotal', 'taxableAmount', 'taxAmount', 'customFeesAmount', 'platformFee', 'grandTotal', 'currency', 'platformFeeAbsorbedByOrganizer']
E   assert 'stripeFee' in {'addOnSubtotal': 0, 'currency': 'usd', 'customFeesAmount': 0, 'discountAmount': 0, ...}</failure></testcase><testcase classname="tests.test_fee_transparency.TestCalculateOrderStripeFee" name="test_calculate_order_strip_fee_positive_for_paid_event" time="0.441"><failure message="AssertionError: stripeFee field missing&#10;assert None is not None">tests/test_fee_transparency.py:75: in test_calculate_order_strip_fee_positive_for_paid_event
    assert strip_fee is not None, "stripeFee field missing"
E   AssertionError: stripeFee field missing
E   assert None is not None</failure></testcase><testcase classname="tests.test_fee_transparency.TestCalculateOrderStripeFee" name="test_stripe_fee_calculation_formula" time="0.427"><skipped type="pytest.skip" message="stripeFee is 0 - event may not have paid tickets">/app/tests/test_fee_transparency.py:97: stripeFee is 0 - event may not have paid tickets</skipped></testcase><testcase classname="tests.test_fee_transparency.TestCalculateOrderStripeFee" name="test_grand_total_includes_stripe_fee" time="0.428" /><testcase classname="tests.test_fee_transparency.TestFeeMathValidation" name="test_fee_math_concrete_scenario" time="0.000" /><testcase classname="tests.test_fee_transparency.TestFeeMathValidation" name="test_stripe_fee_rate_constants" time="0.000" /><testcase classname="tests.test_fee_transparency.TestCalculateOrderAllFields" name="test_all_fee_fields_present" time="2.201"><failure message="AssertionError: Missing fee transparency fields: ['stripeFee']. Available fields: ['items', 'ticketSubtotal', 'addOnSubtotal', 'donationSubtotal', 'rawSubtotal', 'discountAmount', 'discountedSubtotal', 'taxableAmount', 'taxAmount', 'customFeesAmount', 'platformFee', 'grandTotal', 'currency', 'platformFeeAbsorbedByOrganizer']&#10;assert not ['stripeFee']">tests/test_fee_transparency.py:217: in test_all_fee_fields_present
    assert not missing, (
E   AssertionError: Missing fee transparency fields: ['stripeFee']. Available fields: ['items', 'ticketSubtotal', 'addOnSubtotal', 'donationSubtotal', 'rawSubtotal', 'discountAmount', 'discountedSubtotal', 'taxableAmount', 'taxAmount', 'customFeesAmount', 'platformFee', 'grandTotal', 'currency', 'platformFeeAbsorbedByOrganizer']
E   assert not ['stripeFee']</failure></testcase><testcase classname="tests.test_fee_transparency.TestCalculateOrderAllFields" name="test_stripe_fee_zero_for_free_events" time="0.648" /><testcase classname="tests.test_fee_transparency.TestCalculateOrderAllFields" name="test_stripe_fee_absorbed_events" time="0.430"><skipped type="pytest.skip" message="No fee-absorbing event found to test">/app/tests/test_fee_transparency.py:254: No fee-absorbing event found to test</skipped></testcase><testcase classname="tests.test_fee_transparency.TestReconciliationValidation" name="test_reconciliation_code_exists_in_controller" time="0.000" /><testcase classname="tests.test_fee_transparency.TestReconciliationValidation" name="test_registration_payload_has_new_fee_fields" time="0.000" /><testcase classname="tests.test_fee_transparency.TestReconciliationValidation" name="test_price_calculator_has_stripe_fee" time="0.000" /><testcase classname="tests.test_fee_transparency.TestFeeTransparencyUITerminology" name="test_eventview_uses_platform_fee_label" time="0.001" /><testcase classname="tests.test_fee_transparency.TestFeeTransparencyUITerminology" name="test_receipt_modal_uses_correct_labels" time="0.000" /><testcase classname="tests.test_fee_transparency.TestFeeTransparencyUITerminology" name="test_confirmation_page_has_fee_rows" time="0.001" /><testcase classname="tests.test_fee_transparency.TestFeeTransparencyUITerminology" name="test_receipt_modal_has_stripe_fee_logic" time="0.000" /><testcase classname="tests.test_fee_transparency.TestMigrationSQL" name="test_migration_file_exists" time="0.000" /><testcase classname="tests.test_fee_transparency.TestMigrationSQL" name="test_migration_adds_required_columns" time="0.000" /><testcase classname="tests.test_fee_transparency.TestCalculateOrderEndpointLive" name="test_endpoint_accessible" time="0.459" /><testcase classname="tests.test_fee_transparency.TestCalculateOrderEndpointLive" name="test_paid_event_stripefee_positive" time="0.457"><failure message="AssertionError: stripeFee field missing from response&#10;assert 'stripeFee' in {'addOnSubtotal': 0, 'currency': 'usd', 'customFeesAmount': 0, 'discountAmount': 0, ...}">tests/test_fee_transparency.py:463: in test_paid_event_stripefee_positive
    assert "stripeFee" in breakdown, f"stripeFee field missing from response"
E   AssertionError: stripeFee field missing from response
E   assert 'stripeFee' in {'addOnSubtotal': 0, 'currency': 'usd', 'customFeesAmount': 0, 'discountAmount': 0, ...}</failure></testcase></testsuite></testsuites>