<?xml version="1.0" encoding="utf-8"?><testsuites name="pytest tests"><testsuite name="pytest" errors="0" failures="0" skipped="0" tests="14" time="1.748" timestamp="2026-01-06T04:57:39.592526+00:00" hostname="agent-env-fee9ada1-a0fb-45d0-8898-f18ea6e17487"><testcase classname="tests.test_currency_api.TestExchangeRatesEndpoint" name="test_exchange_rates_returns_success" time="0.200" /><testcase classname="tests.test_currency_api.TestExchangeRatesEndpoint" name="test_exchange_rates_contains_all_currencies" time="0.131" /><testcase classname="tests.test_currency_api.TestExchangeRatesEndpoint" name="test_exchange_rates_usd_is_base" time="0.102" /><testcase classname="tests.test_currency_api.TestExchangeRatesEndpoint" name="test_exchange_rates_values_are_reasonable" time="0.100" /><testcase classname="tests.test_currency_api.TestConvertPriceEndpoint" name="test_convert_price_to_gbp" time="0.129" /><testcase classname="tests.test_currency_api.TestConvertPriceEndpoint" name="test_convert_price_to_eur" time="0.128" /><testcase classname="tests.test_currency_api.TestConvertPriceEndpoint" name="test_convert_price_to_cad" time="0.104" /><testcase classname="tests.test_currency_api.TestConvertPriceEndpoint" name="test_convert_price_to_aud" time="0.104" /><testcase classname="tests.test_currency_api.TestConvertPriceEndpoint" name="test_convert_price_usd_to_usd" time="0.002" /><testcase classname="tests.test_currency_api.TestConvertPriceEndpoint" name="test_convert_price_unsupported_currency" time="0.002" /><testcase classname="tests.test_currency_api.TestConvertPriceEndpoint" name="test_convert_price_case_insensitive" time="0.099" /><testcase classname="tests.test_currency_api.TestConvertPriceEndpoint" name="test_convert_price_invalid_amount" time="0.002" /><testcase classname="tests.test_currency_api.TestConvertPriceEndpoint" name="test_convert_price_zero_amount" time="0.130" /><testcase classname="tests.test_currency_api.TestCreateOrderWithCurrency" name="test_create_order_accepts_currency_parameter" time="0.318" /></testsuite></testsuites>