<?xml version="1.0" encoding="utf-8"?><testsuites name="pytest tests"><testsuite name="pytest" errors="0" failures="2" skipped="0" tests="5" time="1.316" timestamp="2026-01-26T20:42:12.585321+00:00" hostname="agent-env-a673ac01-e0e7-4e70-963c-8e71519bb477"><testcase classname="backend.tests.test_live_sales_share.TestLiveSalesEndpoint" name="test_live_sales_requires_auth" time="0.325"><failure message="AssertionError: Expected 401/403, got 404&#10;assert 404 in [401, 403]&#10; +  where 404 = &lt;Response [404]&gt;.status_code">backend/tests/test_live_sales_share.py:19: in test_live_sales_requires_auth
    assert response.status_code in [401, 403], f"Expected 401/403, got {response.status_code}"
E   AssertionError: Expected 401/403, got 404
E   assert 404 in [401, 403]
E    +  where 404 = &lt;Response [404]&gt;.status_code</failure></testcase><testcase classname="backend.tests.test_live_sales_share.TestLiveSalesEndpoint" name="test_live_sales_endpoint_exists" time="0.197"><failure message="AssertionError: Live sales endpoint not found (404)&#10;assert 404 != 404&#10; +  where 404 = &lt;Response [404]&gt;.status_code">backend/tests/test_live_sales_share.py:26: in test_live_sales_endpoint_exists
    assert response.status_code != 404, "Live sales endpoint not found (404)"
E   AssertionError: Live sales endpoint not found (404)
E   assert 404 != 404
E    +  where 404 = &lt;Response [404]&gt;.status_code</failure></testcase><testcase classname="backend.tests.test_live_sales_share.TestHealthEndpoint" name="test_health_endpoint" time="0.206" /><testcase classname="backend.tests.test_live_sales_share.TestAdminEndpoints" name="test_organizer_financial_summary_requires_auth" time="0.191" /><testcase classname="backend.tests.test_live_sales_share.TestAdminEndpoints" name="test_organizer_audit_logs_requires_auth" time="0.198" /></testsuite></testsuites>